11.0719 	INFO 	time is 2024-08-26 16:06:27,950580
11.1083 	WARNING 	Monitor specification not found. Creating a temporary one...
12.6659 	WARNING 	Couldn't measure a consistent frame rate!
  - Is your graphics card set to sync to vertical blank?
  - Are you running other processes on your computer?

12.6668 	EXP 	Created window1 = Window(allowGUI=True, allowStencil=False, autoLog=True, backendConf=UNKNOWN, backgroundFit=<method-wrapper '__getattribute__' of attributeSetter object at 0x7ff200395160>, backgroundImage=<method-wrapper '__getattribute__' of attributeSetter object at 0x7ff200395100>, bitsMode=UNKNOWN, blendMode='avg', bpc=(8, 8, 8), color=array([0, 0, 0]), colorSpace='rgb', depthBits=8, fullscr=<method-wrapper '__getattribute__' of attributeSetter object at 0x7ff200392f10>, gamma=None, gammaErrorPolicy='raise', infoMsg=UNKNOWN, lms=UNKNOWN, monitor=<psychopy.monitors.calibTools.Monitor object at 0x7ff201326670>, multiSample=False, name='window1', numSamples=2, pos=(557, 325), screen=0, size=array([1300, 1000]), stencilBits=0, stereo=False, title='PsychoPy', units='height', useFBO=False, useRetina=True, viewOri=0.0, viewPos=None, viewScale=None, waitBlanking=True, winType='pyglet')
12.6669 	EXP 	window1: backgroundImage = None
12.6669 	EXP 	window1: backgroundFit = 'cover'
12.6706 	INFO 	Mouse: using default window
12.6710 	EXP 	window1: mouseVisible = False
12.6710 	EXP 	window1: units = 'pix'
12.6711 	INFO 	Mouse: using default window
12.7852 	WARNING 	t of last frame was 114.75ms (=1/8)
201.4600 	DATA 	Keypress: space
201.4765 	WARNING 	t of last frame was 188672.85ms (=1/0)
202.1536 	DATA 	Keypress: space
202.1571 	WARNING 	t of last frame was 651.41ms (=1/1)
202.6781 	WARNING 	t of last frame was 503.50ms (=1/1)
204.1915 	WARNING 	Multiple dropped frames have occurred - I'll stop bothering you about them!
204.9490 	EXP 	Sound  reached end of file
204.9490 	EXP 	Sound  started
205.9429 	DATA 	Keypress: f
207.3561 	DATA 	Keypress: capslock
210.8937 	EXP 	Sound  reached end of file
210.8938 	EXP 	Sound  started
211.8101 	DATA 	Keypress: f
