2.1131 	WARNING 	The 'psychtoolbox' library cannot be loaded but is required for audio capture (use `pip install psychtoolbox` to get it). Microphone recording will be unavailable this session. Note that opening a microphone stream will raise an error.
2.1166 	ERROR 	Support for the `sounddevice` audio backend is not available this session. Please install `psychopy-sounddevice` and restart the session to enable support.
2.1168 	ERROR 	Support for the `pyo` audio backend is not available this session. Please install `psychopy-pyo` and restart the session to enable support.
2.1170 	WARNING 	We strongly recommend you activate the PTB sound engine in PsychoPy prefs as the preferred audio engine. Its timing is vastly superior. Your prefs are currently set to use ['PTB', 'sounddevice', 'pyo', 'pygame'] (in that order).
2.1372 	INFO 	time is 2024-08-19 14:43:41,657513
2.1665 	WARNING 	Monitor specification not found. Creating a temporary one...
2.1732 	WARNING 	User requested fullscreen with size [1350  750], but screen is actually [1920, 1080]. Using actual size
3.4016 	WARNING 	Couldn't measure a consistent frame rate!
  - Is your graphics card set to sync to vertical blank?
  - Are you running other processes on your computer?

3.4023 	EXP 	Created window1 = Window(allowGUI=True, allowStencil=False, autoLog=True, backendConf=UNKNOWN, backgroundFit=<method-wrapper '__getattribute__' of attributeSetter object at 0x16b55db80>, backgroundImage=<method-wrapper '__getattribute__' of attributeSetter object at 0x16b55db20>, bitsMode=UNKNOWN, blendMode='avg', bpc=(8, 8, 8), color=array([0, 0, 0]), colorSpace='rgb', depthBits=8, fullscr=<method-wrapper '__getattribute__' of attributeSetter object at 0x16b55d970>, gamma=None, gammaErrorPolicy='raise', lms=UNKNOWN, monitor=<psychopy.monitors.calibTools.Monitor object at 0x30cdd3250>, multiSample=False, name='window1', numSamples=2, pos=[480.0, 270.0], screen=0, size=array([3840, 2160]), stencilBits=0, stereo=False, title='PsychoPy', units='height', useFBO=False, useRetina=True, viewOri=0.0, viewPos=None, viewScale=None, waitBlanking=True, winType='pyglet')
3.4026 	EXP 	window1: mouseVisible = True
3.4026 	EXP 	window1: backgroundImage = None
3.4026 	EXP 	window1: backgroundFit = 'cover'
3.4065 	INFO 	Mouse: using default window
3.4067 	EXP 	window1: mouseVisible = True
3.4075 	EXP 	window1: mouseVisible = False
3.4075 	EXP 	window1: units = 'pix'
3.4075 	INFO 	Mouse: using default window
5.1996 	WARNING 	t of last frame was 1793.11ms (=1/0)
7.2441 	DATA 	Keypress: space
7.2492 	WARNING 	t of last frame was 2037.12ms (=1/0)
9.4923 	WARNING 	t of last frame was 2235.28ms (=1/0)
11.0006 	WARNING 	t of last frame was 1503.81ms (=1/0)
11.5060 	WARNING 	Multiple dropped frames have occurred - I'll stop bothering you about them!
11.5132 	EXP 	Set  sound=./stim/P|G.mp3
11.5133 	EXP 	Sound  started
14.1573 	DATA 	Keypress: j
