2.1126 	WARNING 	The 'psychtoolbox' library cannot be loaded but is required for audio capture (use `pip install psychtoolbox` to get it). Microphone recording will be unavailable this session. Note that opening a microphone stream will raise an error.
2.1158 	ERROR 	Support for the `sounddevice` audio backend is not available this session. Please install `psychopy-sounddevice` and restart the session to enable support.
2.1160 	ERROR 	Support for the `pyo` audio backend is not available this session. Please install `psychopy-pyo` and restart the session to enable support.
2.1162 	WARNING 	We strongly recommend you activate the PTB sound engine in PsychoPy prefs as the preferred audio engine. Its timing is vastly superior. Your prefs are currently set to use ['PTB', 'sounddevice', 'pyo', 'pygame'] (in that order).
2.1353 	INFO 	time is 2024-08-24 17:36:53,116075
2.1699 	WARNING 	Monitor specification not found. Creating a temporary one...
2.1746 	WARNING 	User requested fullscreen with size [1350  750], but screen is actually [1920, 1080]. Using actual size
3.3391 	WARNING 	Couldn't measure a consistent frame rate!
  - Is your graphics card set to sync to vertical blank?
  - Are you running other processes on your computer?

3.3395 	EXP 	Created window1 = Window(allowGUI=True, allowStencil=False, autoLog=True, backendConf=UNKNOWN, backgroundFit=<method-wrapper '__getattribute__' of attributeSetter object at 0x16daa6a60>, backgroundImage=<method-wrapper '__getattribute__' of attributeSetter object at 0x16daa6a00>, bitsMode=UNKNOWN, blendMode='avg', bpc=(8, 8, 8), color=array([0, 0, 0]), colorSpace='rgb', depthBits=8, fullscr=<method-wrapper '__getattribute__' of attributeSetter object at 0x16daa6850>, gamma=None, gammaErrorPolicy='raise', lms=UNKNOWN, monitor=<psychopy.monitors.calibTools.Monitor object at 0x30ab7c610>, multiSample=False, name='window1', numSamples=2, pos=[480.0, 270.0], screen=0, size=array([3840, 2160]), stencilBits=0, stereo=False, title='PsychoPy', units='height', useFBO=False, useRetina=True, viewOri=0.0, viewPos=None, viewScale=None, waitBlanking=True, winType='pyglet')
3.3396 	EXP 	window1: mouseVisible = True
3.3396 	EXP 	window1: backgroundImage = None
3.3397 	EXP 	window1: backgroundFit = 'cover'
3.3425 	INFO 	Mouse: using default window
3.3426 	EXP 	window1: mouseVisible = True
3.3434 	EXP 	window1: mouseVisible = False
3.3435 	EXP 	window1: units = 'pix'
3.3435 	INFO 	Mouse: using default window
3.5088 	WARNING 	t of last frame was 166.34ms (=1/6)
4.0334 	DATA 	Keypress: space
4.0357 	WARNING 	t of last frame was 514.99ms (=1/1)
4.9005 	DATA 	Keypress: space
4.9026 	WARNING 	t of last frame was 848.40ms (=1/1)
5.4091 	WARNING 	t of last frame was 501.91ms (=1/1)
6.9172 	WARNING 	Multiple dropped frames have occurred - I'll stop bothering you about them!
7.4296 	EXP 	Set  sound=./stim/G|G.mp3
7.4298 	EXP 	Sound  started
8.1471 	DATA 	Keypress: f
12.7810 	EXP 	Set  sound=./stim/G|G.mp3
12.7812 	EXP 	Sound  started
14.0745 	DATA 	Keypress: f
