1.9259 	WARNING 	The 'psychtoolbox' library cannot be loaded but is required for audio capture (use `pip install psychtoolbox` to get it). Microphone recording will be unavailable this session. Note that opening a microphone stream will raise an error.
1.9291 	ERROR 	Support for the `sounddevice` audio backend is not available this session. Please install `psychopy-sounddevice` and restart the session to enable support.
1.9293 	ERROR 	Support for the `pyo` audio backend is not available this session. Please install `psychopy-pyo` and restart the session to enable support.
1.9295 	WARNING 	We strongly recommend you activate the PTB sound engine in PsychoPy prefs as the preferred audio engine. Its timing is vastly superior. Your prefs are currently set to use ['PTB', 'sounddevice', 'pyo', 'pygame'] (in that order).
1.9464 	INFO 	time is 2024-08-15 19:11:30,903843
1.9692 	WARNING 	Monitor specification not found. Creating a temporary one...
1.9723 	WARNING 	User requested fullscreen with size [1350  750], but screen is actually [1920, 1080]. Using actual size
3.1464 	WARNING 	Couldn't measure a consistent frame rate!
  - Is your graphics card set to sync to vertical blank?
  - Are you running other processes on your computer?

3.1470 	EXP 	Created window1 = Window(allowGUI=True, allowStencil=False, autoLog=True, backendConf=UNKNOWN, backgroundFit=<method-wrapper '__getattribute__' of attributeSetter object at 0x16f026a30>, backgroundImage=<method-wrapper '__getattribute__' of attributeSetter object at 0x16f0269d0>, bitsMode=UNKNOWN, blendMode='avg', bpc=(8, 8, 8), color=array([0, 0, 0]), colorSpace='rgb', depthBits=8, fullscr=<method-wrapper '__getattribute__' of attributeSetter object at 0x16f026820>, gamma=None, gammaErrorPolicy='raise', lms=UNKNOWN, monitor=<psychopy.monitors.calibTools.Monitor object at 0x3094ed5e0>, multiSample=False, name='window1', numSamples=2, pos=[480.0, 270.0], screen=0, size=array([3840, 2160]), stencilBits=0, stereo=False, title='PsychoPy', units='height', useFBO=False, useRetina=True, viewOri=0.0, viewPos=None, viewScale=None, waitBlanking=True, winType='pyglet')
3.1472 	EXP 	window1: mouseVisible = True
3.1473 	EXP 	window1: backgroundImage = None
3.1473 	EXP 	window1: backgroundFit = 'cover'
3.1525 	INFO 	Mouse: using default window
3.1527 	EXP 	window1: mouseVisible = True
3.1534 	EXP 	window1: mouseVisible = False
3.1535 	EXP 	window1: units = 'pix'
3.1535 	INFO 	Mouse: using default window
3.1987 	WARNING 	t of last frame was 46.27ms (=1/21)
5.4401 	DATA 	Keypress: space
5.4451 	WARNING 	t of last frame was 2200.15ms (=1/0)
