2.0401 	WARNING 	The 'psychtoolbox' library cannot be loaded but is required for audio capture (use `pip install psychtoolbox` to get it). Microphone recording will be unavailable this session. Note that opening a microphone stream will raise an error.
2.0433 	ERROR 	Support for the `sounddevice` audio backend is not available this session. Please install `psychopy-sounddevice` and restart the session to enable support.
2.0435 	ERROR 	Support for the `pyo` audio backend is not available this session. Please install `psychopy-pyo` and restart the session to enable support.
2.0437 	WARNING 	We strongly recommend you activate the PTB sound engine in PsychoPy prefs as the preferred audio engine. Its timing is vastly superior. Your prefs are currently set to use ['PTB', 'sounddevice', 'pyo', 'pygame'] (in that order).
2.0648 	INFO 	time is 2024-08-24 16:28:41,067806
2.0945 	WARNING 	Monitor specification not found. Creating a temporary one...
2.1001 	WARNING 	User requested fullscreen with size [1350  750], but screen is actually [1920, 1080]. Using actual size
3.2460 	WARNING 	Couldn't measure a consistent frame rate!
  - Is your graphics card set to sync to vertical blank?
  - Are you running other processes on your computer?

3.2467 	EXP 	Created window1 = Window(allowGUI=True, allowStencil=False, autoLog=True, backendConf=UNKNOWN, backgroundFit=<method-wrapper '__getattribute__' of attributeSetter object at 0x16b687a60>, backgroundImage=<method-wrapper '__getattribute__' of attributeSetter object at 0x16b687a00>, bitsMode=UNKNOWN, blendMode='avg', bpc=(8, 8, 8), color=array([0, 0, 0]), colorSpace='rgb', depthBits=8, fullscr=<method-wrapper '__getattribute__' of attributeSetter object at 0x16b687850>, gamma=None, gammaErrorPolicy='raise', lms=UNKNOWN, monitor=<psychopy.monitors.calibTools.Monitor object at 0x30d487610>, multiSample=False, name='window1', numSamples=2, pos=[480.0, 270.0], screen=0, size=array([3840, 2160]), stencilBits=0, stereo=False, title='PsychoPy', units='height', useFBO=False, useRetina=True, viewOri=0.0, viewPos=None, viewScale=None, waitBlanking=True, winType='pyglet')
3.2470 	EXP 	window1: mouseVisible = True
3.2471 	EXP 	window1: backgroundImage = None
3.2471 	EXP 	window1: backgroundFit = 'cover'
3.2509 	INFO 	Mouse: using default window
3.2511 	EXP 	window1: mouseVisible = True
3.2522 	EXP 	window1: mouseVisible = False
3.2522 	EXP 	window1: units = 'pix'
3.2523 	INFO 	Mouse: using default window
3.4339 	WARNING 	t of last frame was 183.01ms (=1/5)
3.8204 	DATA 	Keypress: space
3.8227 	WARNING 	t of last frame was 378.86ms (=1/2)
3.9746 	DATA 	Keypress: space
3.9768 	WARNING 	t of last frame was 145.73ms (=1/6)
4.1171 	DATA 	Keypress: space
4.3959 	DATA 	Keypress: space
4.4846 	WARNING 	t of last frame was 501.90ms (=1/1)
5.9916 	WARNING 	Multiple dropped frames have occurred - I'll stop bothering you about them!
6.5026 	EXP 	Set  sound=./stim/P|P.mp3
6.5028 	EXP 	Sound  started
8.0682 	DATA 	Keypress: j
8.8864 	DATA 	Keypress: j
9.1729 	DATA 	Keypress: j
9.4586 	DATA 	Keypress: j
