2.0620 	WARNING 	The 'psychtoolbox' library cannot be loaded but is required for audio capture (use `pip install psychtoolbox` to get it). Microphone recording will be unavailable this session. Note that opening a microphone stream will raise an error.
2.0651 	ERROR 	Support for the `sounddevice` audio backend is not available this session. Please install `psychopy-sounddevice` and restart the session to enable support.
2.0653 	ERROR 	Support for the `pyo` audio backend is not available this session. Please install `psychopy-pyo` and restart the session to enable support.
2.0655 	WARNING 	We strongly recommend you activate the PTB sound engine in PsychoPy prefs as the preferred audio engine. Its timing is vastly superior. Your prefs are currently set to use ['PTB', 'sounddevice', 'pyo', 'pygame'] (in that order).
2.0844 	INFO 	time is 2024-08-24 17:30:12,471635
2.1143 	WARNING 	Monitor specification not found. Creating a temporary one...
2.1242 	WARNING 	User requested fullscreen with size [1350  750], but screen is actually [1920, 1080]. Using actual size
3.3001 	WARNING 	Couldn't measure a consistent frame rate!
  - Is your graphics card set to sync to vertical blank?
  - Are you running other processes on your computer?

3.3007 	EXP 	Created window1 = Window(allowGUI=True, allowStencil=False, autoLog=True, backendConf=UNKNOWN, backgroundFit=<method-wrapper '__getattribute__' of attributeSetter object at 0x16fcb7ac0>, backgroundImage=<method-wrapper '__getattribute__' of attributeSetter object at 0x16fcb7a60>, bitsMode=UNKNOWN, blendMode='avg', bpc=(8, 8, 8), color=array([0, 0, 0]), colorSpace='rgb', depthBits=8, fullscr=<method-wrapper '__getattribute__' of attributeSetter object at 0x16fcb78b0>, gamma=None, gammaErrorPolicy='raise', lms=UNKNOWN, monitor=<psychopy.monitors.calibTools.Monitor object at 0x30861e190>, multiSample=False, name='window1', numSamples=2, pos=[480.0, 270.0], screen=0, size=array([3840, 2160]), stencilBits=0, stereo=False, title='PsychoPy', units='height', useFBO=False, useRetina=True, viewOri=0.0, viewPos=None, viewScale=None, waitBlanking=True, winType='pyglet')
3.3010 	EXP 	window1: mouseVisible = True
3.3010 	EXP 	window1: backgroundImage = None
3.3010 	EXP 	window1: backgroundFit = 'cover'
3.3044 	INFO 	Mouse: using default window
3.3045 	EXP 	window1: mouseVisible = True
3.3053 	EXP 	window1: mouseVisible = False
3.3054 	EXP 	window1: units = 'pix'
3.3054 	INFO 	Mouse: using default window
3.4885 	WARNING 	t of last frame was 184.08ms (=1/5)
4.0779 	DATA 	Keypress: space
4.0803 	WARNING 	t of last frame was 581.61ms (=1/1)
4.8234 	DATA 	Keypress: space
4.8256 	WARNING 	t of last frame was 737.84ms (=1/1)
5.3344 	WARNING 	t of last frame was 502.38ms (=1/1)
6.8409 	WARNING 	Multiple dropped frames have occurred - I'll stop bothering you about them!
7.3523 	EXP 	Set  sound=./stim/P|P.mp3
7.3524 	EXP 	Sound  started
9.0286 	DATA 	Keypress: j
13.4304 	EXP 	Set  sound=./stim/P|P.mp3
13.4306 	EXP 	Sound  started
14.2607 	DATA 	Keypress: j
