2.4125 	WARNING 	The 'psychtoolbox' library cannot be loaded but is required for audio capture (use `pip install psychtoolbox` to get it). Microphone recording will be unavailable this session. Note that opening a microphone stream will raise an error.
2.4160 	ERROR 	Support for the `sounddevice` audio backend is not available this session. Please install `psychopy-sounddevice` and restart the session to enable support.
2.4161 	ERROR 	Support for the `pyo` audio backend is not available this session. Please install `psychopy-pyo` and restart the session to enable support.
2.4163 	WARNING 	We strongly recommend you activate the PTB sound engine in PsychoPy prefs as the preferred audio engine. Its timing is vastly superior. Your prefs are currently set to use ['PTB', 'sounddevice', 'pyo', 'pygame'] (in that order).
2.4338 	INFO 	time is 2024-08-23 15:19:21,486261
2.4678 	WARNING 	Monitor specification not found. Creating a temporary one...
2.4707 	WARNING 	User requested fullscreen with size [1350  750], but screen is actually [1920, 1080]. Using actual size
3.6595 	WARNING 	Couldn't measure a consistent frame rate!
  - Is your graphics card set to sync to vertical blank?
  - Are you running other processes on your computer?

3.6598 	EXP 	Created window1 = Window(allowGUI=True, allowStencil=False, autoLog=True, backendConf=UNKNOWN, backgroundFit=<method-wrapper '__getattribute__' of attributeSetter object at 0x16f342af0>, backgroundImage=<method-wrapper '__getattribute__' of attributeSetter object at 0x16f342a90>, bitsMode=UNKNOWN, blendMode='avg', bpc=(8, 8, 8), color=array([0, 0, 0]), colorSpace='rgb', depthBits=8, fullscr=<method-wrapper '__getattribute__' of attributeSetter object at 0x16f3428e0>, gamma=None, gammaErrorPolicy='raise', lms=UNKNOWN, monitor=<psychopy.monitors.calibTools.Monitor object at 0x308f7b6a0>, multiSample=False, name='window1', numSamples=2, pos=[480.0, 270.0], screen=0, size=array([3840, 2160]), stencilBits=0, stereo=False, title='PsychoPy', units='height', useFBO=False, useRetina=True, viewOri=0.0, viewPos=None, viewScale=None, waitBlanking=True, winType='pyglet')
3.6600 	EXP 	window1: mouseVisible = True
3.6600 	EXP 	window1: backgroundImage = None
3.6600 	EXP 	window1: backgroundFit = 'cover'
3.6620 	INFO 	Mouse: using default window
3.6620 	EXP 	window1: mouseVisible = True
3.6631 	EXP 	window1: mouseVisible = False
3.6631 	EXP 	window1: units = 'pix'
3.6631 	INFO 	Mouse: using default window
4.4556 	WARNING 	t of last frame was 793.61ms (=1/1)
5.2847 	DATA 	Keypress: space
5.2875 	WARNING 	t of last frame was 819.85ms (=1/1)
6.1664 	DATA 	Keypress: space
6.1679 	WARNING 	t of last frame was 872.57ms (=1/1)
6.4830 	DATA 	Keypress: space
6.4850 	WARNING 	t of last frame was 310.63ms (=1/3)
7.0782 	DATA 	Keypress: space
7.0807 	WARNING 	Multiple dropped frames have occurred - I'll stop bothering you about them!
7.6862 	DATA 	Keypress: space
8.9983 	DATA 	Keypress: space
12.5820 	EXP 	Set  sound=./stim/P|P.mp3
12.5821 	EXP 	Sound  started
14.8543 	DATA 	Keypress: j
