2.3448 	WARNING 	The 'psychtoolbox' library cannot be loaded but is required for audio capture (use `pip install psychtoolbox` to get it). Microphone recording will be unavailable this session. Note that opening a microphone stream will raise an error.
2.3484 	ERROR 	Support for the `sounddevice` audio backend is not available this session. Please install `psychopy-sounddevice` and restart the session to enable support.
2.3486 	ERROR 	Support for the `pyo` audio backend is not available this session. Please install `psychopy-pyo` and restart the session to enable support.
2.3488 	WARNING 	We strongly recommend you activate the PTB sound engine in PsychoPy prefs as the preferred audio engine. Its timing is vastly superior. Your prefs are currently set to use ['PTB', 'sounddevice', 'pyo', 'pygame'] (in that order).
2.3725 	INFO 	time is 2024-08-19 15:39:39,753326
2.3969 	WARNING 	Monitor specification not found. Creating a temporary one...
2.4126 	WARNING 	User requested fullscreen with size [1350  750], but screen is actually [1920, 1080]. Using actual size
3.5629 	WARNING 	Couldn't measure a consistent frame rate!
  - Is your graphics card set to sync to vertical blank?
  - Are you running other processes on your computer?

3.5636 	EXP 	Created window1 = Window(allowGUI=True, allowStencil=False, autoLog=True, backendConf=UNKNOWN, backgroundFit=<method-wrapper '__getattribute__' of attributeSetter object at 0x16ee9ac40>, backgroundImage=<method-wrapper '__getattribute__' of attributeSetter object at 0x16ee9abe0>, bitsMode=UNKNOWN, blendMode='avg', bpc=(8, 8, 8), color=array([0, 0, 0]), colorSpace='rgb', depthBits=8, fullscr=<method-wrapper '__getattribute__' of attributeSetter object at 0x16ee9aa30>, gamma=None, gammaErrorPolicy='raise', lms=UNKNOWN, monitor=<psychopy.monitors.calibTools.Monitor object at 0x309539310>, multiSample=False, name='window1', numSamples=2, pos=[480.0, 270.0], screen=0, size=array([3840, 2160]), stencilBits=0, stereo=False, title='PsychoPy', units='height', useFBO=False, useRetina=True, viewOri=0.0, viewPos=None, viewScale=None, waitBlanking=True, winType='pyglet')
3.5638 	EXP 	window1: mouseVisible = True
3.5639 	EXP 	window1: backgroundImage = None
3.5639 	EXP 	window1: backgroundFit = 'cover'
3.5685 	INFO 	Mouse: using default window
3.5686 	EXP 	window1: mouseVisible = True
3.5693 	EXP 	window1: mouseVisible = False
3.5694 	EXP 	window1: units = 'pix'
3.5694 	INFO 	Mouse: using default window
5.2922 	WARNING 	t of last frame was 1723.81ms (=1/0)
5.3261 	WARNING 	t of last frame was 33.84ms (=1/29)
19.8555 	DATA 	Keypress: space
19.8617 	WARNING 	t of last frame was 14535.66ms (=1/0)
21.9774 	WARNING 	t of last frame was 2106.78ms (=1/0)
23.4892 	WARNING 	Multiple dropped frames have occurred - I'll stop bothering you about them!
24.0019 	EXP 	Set  sound=./stim/P|P.mp3
24.0020 	EXP 	Sound  started
24.7367 	DATA 	Keypress: f
28.6715 	EXP 	Set  sound=./stim/P|P.mp3
28.6716 	EXP 	Sound  started
30.6567 	DATA 	Keypress: j
34.2880 	EXP 	Set  sound=./stim/P|P.mp3
34.2881 	EXP 	Sound  started
35.2545 	DATA 	Keypress: j
