11.4720 	INFO 	time is 2024-08-26 15:57:44,429049
11.5137 	WARNING 	Monitor specification not found. Creating a temporary one...
13.0132 	WARNING 	Couldn't measure a consistent frame rate!
  - Is your graphics card set to sync to vertical blank?
  - Are you running other processes on your computer?

13.0138 	EXP 	Created window1 = Window(allowGUI=True, allowStencil=False, autoLog=True, backendConf=UNKNOWN, backgroundFit=<method-wrapper '__getattribute__' of attributeSetter object at 0x7fbc444941c0>, backgroundImage=<method-wrapper '__getattribute__' of attributeSetter object at 0x7fbc44494160>, bitsMode=UNKNOWN, blendMode='avg', bpc=(8, 8, 8), color=array([0, 0, 0]), colorSpace='rgb', depthBits=8, fullscr=<method-wrapper '__getattribute__' of attributeSetter object at 0x7fbc44490f70>, gamma=None, gammaErrorPolicy='raise', infoMsg=UNKNOWN, lms=UNKNOWN, monitor=<psychopy.monitors.calibTools.Monitor object at 0x7fbc422b06d0>, multiSample=False, name='window1', numSamples=2, pos=(557, 325), screen=0, size=array([1300, 1000]), stencilBits=0, stereo=False, title='PsychoPy', units='height', useFBO=False, useRetina=True, viewOri=0.0, viewPos=None, viewScale=None, waitBlanking=True, winType='pyglet')
13.0139 	EXP 	window1: backgroundImage = None
13.0139 	EXP 	window1: backgroundFit = 'cover'
13.0174 	INFO 	Mouse: using default window
13.0176 	EXP 	window1: mouseVisible = False
13.0177 	EXP 	window1: units = 'pix'
13.0177 	INFO 	Mouse: using default window
13.1281 	WARNING 	t of last frame was 110.81ms (=1/9)
13.1502 	WARNING 	t of last frame was 22.11ms (=1/45)
13.7740 	DATA 	Keypress: space
13.7766 	WARNING 	t of last frame was 626.38ms (=1/1)
15.1884 	DATA 	Keypress: space
15.1899 	WARNING 	t of last frame was 1394.46ms (=1/0)
15.7026 	WARNING 	Multiple dropped frames have occurred - I'll stop bothering you about them!
17.8168 	EXP 	Sound  reached end of file
17.8169 	EXP 	Sound  started
19.0964 	DATA 	Keypress: j
23.7727 	EXP 	Sound  reached end of file
23.7728 	EXP 	Sound  started
24.8979 	DATA 	Keypress: j
