2.1278 	WARNING 	The 'psychtoolbox' library cannot be loaded but is required for audio capture (use `pip install psychtoolbox` to get it). Microphone recording will be unavailable this session. Note that opening a microphone stream will raise an error.
2.1308 	ERROR 	Support for the `sounddevice` audio backend is not available this session. Please install `psychopy-sounddevice` and restart the session to enable support.
2.1310 	ERROR 	Support for the `pyo` audio backend is not available this session. Please install `psychopy-pyo` and restart the session to enable support.
2.1312 	WARNING 	We strongly recommend you activate the PTB sound engine in PsychoPy prefs as the preferred audio engine. Its timing is vastly superior. Your prefs are currently set to use ['PTB', 'sounddevice', 'pyo', 'pygame'] (in that order).
2.1481 	INFO 	time is 2024-08-16 17:00:09,064111
2.1723 	WARNING 	Monitor specification not found. Creating a temporary one...
2.1754 	WARNING 	User requested fullscreen with size [1350  750], but screen is actually [1920, 1080]. Using actual size
3.3158 	WARNING 	Couldn't measure a consistent frame rate!
  - Is your graphics card set to sync to vertical blank?
  - Are you running other processes on your computer?

3.3160 	EXP 	Created window1 = Window(allowGUI=True, allowStencil=False, autoLog=True, backendConf=UNKNOWN, backgroundFit=<method-wrapper '__getattribute__' of attributeSetter object at 0x16d01ea60>, backgroundImage=<method-wrapper '__getattribute__' of attributeSetter object at 0x16d01ea00>, bitsMode=UNKNOWN, blendMode='avg', bpc=(8, 8, 8), color=array([0, 0, 0]), colorSpace='rgb', depthBits=8, fullscr=<method-wrapper '__getattribute__' of attributeSetter object at 0x16d01e850>, gamma=None, gammaErrorPolicy='raise', lms=UNKNOWN, monitor=<psychopy.monitors.calibTools.Monitor object at 0x30b479610>, multiSample=False, name='window1', numSamples=2, pos=[480.0, 270.0], screen=0, size=array([3840, 2160]), stencilBits=0, stereo=False, title='PsychoPy', units='height', useFBO=False, useRetina=True, viewOri=0.0, viewPos=None, viewScale=None, waitBlanking=True, winType='pyglet')
3.3161 	EXP 	window1: mouseVisible = True
3.3161 	EXP 	window1: backgroundImage = None
3.3161 	EXP 	window1: backgroundFit = 'cover'
3.3185 	INFO 	Mouse: using default window
3.3185 	EXP 	window1: mouseVisible = True
3.3197 	EXP 	window1: mouseVisible = False
3.3197 	EXP 	window1: units = 'pix'
3.3198 	INFO 	Mouse: using default window
3.3476 	WARNING 	t of last frame was 29.14ms (=1/34)
5.7275 	DATA 	Keypress: space
5.7328 	WARNING 	t of last frame was 2351.13ms (=1/0)
