19.1271 	INFO 	time is 2024-08-26 15:46:24,707858
19.1980 	WARNING 	Monitor specification not found. Creating a temporary one...
20.8989 	WARNING 	Couldn't measure a consistent frame rate!
  - Is your graphics card set to sync to vertical blank?
  - Are you running other processes on your computer?

20.8993 	EXP 	Created window1 = Window(allowGUI=True, allowStencil=False, autoLog=True, backendConf=UNKNOWN, backgroundFit=<method-wrapper '__getattribute__' of attributeSetter object at 0x7fbca2b97130>, backgroundImage=<method-wrapper '__getattribute__' of attributeSetter object at 0x7fbca2b970d0>, bitsMode=UNKNOWN, blendMode='avg', bpc=(8, 8, 8), color=array([0, 0, 0]), colorSpace='rgb', depthBits=8, fullscr=<method-wrapper '__getattribute__' of attributeSetter object at 0x7fbca2b93ee0>, gamma=None, gammaErrorPolicy='raise', infoMsg=UNKNOWN, lms=UNKNOWN, monitor=<psychopy.monitors.calibTools.Monitor object at 0x7fbca08a6640>, multiSample=False, name='window1', numSamples=2, pos=(557, 325), screen=0, size=array([1300, 1000]), stencilBits=0, stereo=False, title='PsychoPy', units='height', useFBO=False, useRetina=True, viewOri=0.0, viewPos=None, viewScale=None, waitBlanking=True, winType='pyglet')
20.8993 	EXP 	window1: backgroundImage = None
20.8993 	EXP 	window1: backgroundFit = 'cover'
20.9121 	INFO 	Mouse: using default window
20.9153 	EXP 	window1: mouseVisible = False
20.9154 	EXP 	window1: units = 'pix'
20.9154 	INFO 	Mouse: using default window
21.0556 	WARNING 	t of last frame was 143.63ms (=1/6)
21.0798 	WARNING 	t of last frame was 24.21ms (=1/41)
23.6985 	DATA 	Keypress: space
23.7032 	WARNING 	t of last frame was 2623.41ms (=1/0)
26.2007 	DATA 	Keypress: space
26.2070 	WARNING 	t of last frame was 2483.88ms (=1/0)
26.7238 	WARNING 	Multiple dropped frames have occurred - I'll stop bothering you about them!
28.8537 	EXP 	Sound  reached end of file
28.8537 	EXP 	Sound  started
32.1164 	DATA 	Keypress: j
37.1210 	EXP 	Sound  reached end of file
37.1211 	EXP 	Sound  started
38.2193 	DATA 	Keypress: f
