10.9230 	INFO 	time is 2024-08-26 16:02:35,574359
10.9579 	WARNING 	Monitor specification not found. Creating a temporary one...
12.4565 	WARNING 	Couldn't measure a consistent frame rate!
  - Is your graphics card set to sync to vertical blank?
  - Are you running other processes on your computer?

12.4571 	EXP 	Created window1 = Window(allowGUI=True, allowStencil=False, autoLog=True, backendConf=UNKNOWN, backgroundFit=<method-wrapper '__getattribute__' of attributeSetter object at 0x7fcf9b377100>, backgroundImage=<method-wrapper '__getattribute__' of attributeSetter object at 0x7fcf9b3770a0>, bitsMode=UNKNOWN, blendMode='avg', bpc=(8, 8, 8), color=array([0, 0, 0]), colorSpace='rgb', depthBits=8, fullscr=<method-wrapper '__getattribute__' of attributeSetter object at 0x7fcf9b371eb0>, gamma=None, gammaErrorPolicy='raise', infoMsg=UNKNOWN, lms=UNKNOWN, monitor=<psychopy.monitors.calibTools.Monitor object at 0x7fcf9c327610>, multiSample=False, name='window1', numSamples=2, pos=(557, 325), screen=0, size=array([1300, 1000]), stencilBits=0, stereo=False, title='PsychoPy', units='height', useFBO=False, useRetina=True, viewOri=0.0, viewPos=None, viewScale=None, waitBlanking=True, winType='pyglet')
12.4572 	EXP 	window1: backgroundImage = None
12.4572 	EXP 	window1: backgroundFit = 'cover'
12.4684 	INFO 	Mouse: using default window
12.4689 	EXP 	window1: mouseVisible = False
12.4690 	EXP 	window1: units = 'pix'
12.4691 	INFO 	Mouse: using default window
12.5776 	WARNING 	t of last frame was 109.41ms (=1/9)
19.5819 	DATA 	Keypress: space
19.5854 	WARNING 	t of last frame was 6989.57ms (=1/0)
21.4864 	DATA 	Keypress: space
21.4884 	WARNING 	t of last frame was 1883.37ms (=1/0)
21.9990 	WARNING 	t of last frame was 501.75ms (=1/1)
23.5100 	WARNING 	Multiple dropped frames have occurred - I'll stop bothering you about them!
24.1054 	EXP 	Sound  reached end of file
24.1055 	EXP 	Sound  started
25.8986 	DATA 	Keypress: f
30.9329 	EXP 	Sound  reached end of file
30.9330 	EXP 	Sound  started
31.7135 	DATA 	Keypress: f
