2024-08-26 16:02:35,573 [INFO]  starting up 24-08-26-1602_setting0 at 10.922464779999927
2024-08-26 16:02:35,607 [INFO]  git SHA: a2a5c43fb29217d9d662423e1a729b55dd49a308
2024-08-26 16:02:35,607 [INFO]  setting file name: s0
2024-08-26 16:02:35,608 [INFO]  parameters {'points_per_cent': 2, 'time_limit': 5, 'correct_responses': ['f', 'j'], 'combination_num': 8}
2024-08-26 16:02:37,108 [INFO]  Created window with size [1300 1000]
2024-08-26 16:02:37,225 [INFO]  Using dummy triggers
2024-08-26 16:02:37,225 [INFO]  begin main
2024-08-26 16:02:37,225 [DEBUG]  message: Ready? Let go! (None)
2024-08-26 16:02:44,236 [INFO]  Starting block 0: {'left_cue_condition': 0.9, 'stimA_condition': 0.9}
2024-08-26 16:02:44,237 [INFO]  block 0 label:('<<<<<<<<<>', 'ooooooooox')
2024-08-26 16:02:44,237 [DEBUG]  message: Block 1: 
cue proportion <<<<<<<<<> 
stimulus proportion ooooooooox (None)
2024-08-26 16:02:46,140 [INFO]  begin trial {"cue_direction": "left", "stimulus": "B|A", "correct_response": "j", "left_cue_condition": 0.9, "stimA_condition": 0.9}
2024-08-26 16:02:46,141 [DEBUG]  Trial.log 21.490 initialize status = ok
2024-08-26 16:02:46,141 [DEBUG]  MouseLink message
2024-08-26 16:02:46,141 [DEBUG]  Trial.log 21.490 start recording 
2024-08-26 16:02:46,141 [DEBUG]  MouseLink message
2024-08-26 16:02:46,141 [INFO]  MouseLink start_recording
2024-08-26 16:02:46,141 [DEBUG]  Trial.log 21.490 start 
2024-08-26 16:02:46,141 [DEBUG]  MouseLink message
2024-08-26 16:02:46,146 [DEBUG]  Trial.log 21.496 show fixation 
2024-08-26 16:02:46,147 [INFO]  send trigger 0
2024-08-26 16:02:46,147 [DEBUG]  MouseLink message
2024-08-26 16:02:46,654 [DEBUG]  Trial.log 22.003 show cue 
2024-08-26 16:02:46,654 [INFO]  send trigger 1
2024-08-26 16:02:46,654 [DEBUG]  MouseLink message
2024-08-26 16:02:48,164 [DEBUG]  Trial.log 23.513 show fixation 
2024-08-26 16:02:48,164 [INFO]  send trigger 0
2024-08-26 16:02:48,164 [DEBUG]  MouseLink message
2024-08-26 16:02:48,756 [DEBUG]  Trial.log 24.105 start sound 
2024-08-26 16:02:48,756 [INFO]  send trigger 2
2024-08-26 16:02:48,756 [DEBUG]  MouseLink message
2024-08-26 16:02:49,256 [DEBUG]  Trial.log 24.606 start decision window 
2024-08-26 16:02:49,257 [DEBUG]  MouseLink message
2024-08-26 16:02:53,044 [DEBUG]  Trial.log 28.393 response response = f, performance = Incorrect
2024-08-26 16:02:53,044 [DEBUG]  MouseLink message
2024-08-26 16:02:53,044 [DEBUG]  Trial.log 28.394 done 
2024-08-26 16:02:53,045 [INFO]  send trigger 4
2024-08-26 16:02:53,045 [DEBUG]  MouseLink message
2024-08-26 16:02:53,045 [INFO]  end trial [{"time": 21.48979830999997, "event": "initialize", "status": "ok"}, {"time": 21.48995349200004, "event": "start recording"}, {"time": 21.490142082000148, "event": "start"}, {"time": 21.49559235400011, "event": "show fixation"}, {"time": 22.00323265299994, "event": "show cue"}, {"time": 23.51302540100005, "event": "show fixation"}, {"time": 24.10489688100006, "event": "start sound"}, {"time": 24.605531545000076, "event": "start decision window"}, {"time": 28.393298073000096, "event": "response", "response": "f", "performance": "Incorrect"}, {"time": 28.39361873000007, "event": "done"}]
2024-08-26 16:02:53,045 [INFO]  MouseLink stop_recording
2024-08-26 16:02:53,047 [INFO]  gt.status is ok
2024-08-26 16:02:53,047 [INFO]  add bonus points -0.0 (total = 0.0)
2024-08-26 16:02:53,047 [INFO]  current bonus: 0.0
2024-08-26 16:02:53,047 [INFO]  1/2
2024-08-26 16:02:53,048 [INFO]  begin trial {"cue_direction": "left", "stimulus": "A|A", "correct_response": "f", "left_cue_condition": 0.9, "stimA_condition": 0.9}
2024-08-26 16:02:53,048 [DEBUG]  Trial.log 28.397 initialize status = ok
2024-08-26 16:02:53,048 [DEBUG]  MouseLink message
2024-08-26 16:02:53,048 [DEBUG]  Trial.log 28.397 start recording 
2024-08-26 16:02:53,048 [DEBUG]  MouseLink message
2024-08-26 16:02:53,048 [INFO]  MouseLink start_recording
2024-08-26 16:02:53,048 [DEBUG]  Trial.log 28.397 start 
2024-08-26 16:02:53,048 [DEBUG]  MouseLink message
2024-08-26 16:02:53,051 [DEBUG]  Trial.log 28.400 show fixation 
2024-08-26 16:02:53,051 [INFO]  send trigger 0
2024-08-26 16:02:53,051 [DEBUG]  MouseLink message
2024-08-26 16:02:53,558 [DEBUG]  Trial.log 28.907 show cue 
2024-08-26 16:02:53,558 [INFO]  send trigger 1
2024-08-26 16:02:53,558 [DEBUG]  MouseLink message
2024-08-26 16:02:55,066 [DEBUG]  Trial.log 30.415 show fixation 
2024-08-26 16:02:55,066 [INFO]  send trigger 0
2024-08-26 16:02:55,067 [DEBUG]  MouseLink message
2024-08-26 16:02:55,583 [DEBUG]  Trial.log 30.933 start sound 
2024-08-26 16:02:55,584 [INFO]  send trigger 2
2024-08-26 16:02:55,584 [DEBUG]  MouseLink message
2024-08-26 16:02:56,084 [DEBUG]  Trial.log 31.433 start decision window 
2024-08-26 16:02:56,084 [DEBUG]  MouseLink message
2024-08-26 16:02:58,480 [DEBUG]  Trial.log 33.829 response response = f, performance = Correct
2024-08-26 16:02:58,480 [DEBUG]  MouseLink message
2024-08-26 16:02:58,480 [DEBUG]  Trial.log 33.829 done 
2024-08-26 16:02:58,480 [INFO]  send trigger 4
2024-08-26 16:02:58,480 [DEBUG]  MouseLink message
2024-08-26 16:02:58,480 [INFO]  end trial [{"time": 28.396881441999994, "event": "initialize", "status": "ok"}, {"time": 28.397007022000025, "event": "start recording"}, {"time": 28.397164067999938, "event": "start"}, {"time": 28.399803651999946, "event": "show fixation"}, {"time": 28.907264606000126, "event": "show cue"}, {"time": 30.41546124399997, "event": "show fixation"}, {"time": 30.93257104700001, "event": "start sound"}, {"time": 31.43306773900008, "event": "start decision window"}, {"time": 33.828660679999984, "event": "response", "response": "f", "performance": "Correct"}, {"time": 33.82894149599997, "event": "done"}]
2024-08-26 16:02:58,480 [INFO]  MouseLink stop_recording
2024-08-26 16:02:58,482 [INFO]  gt.status is ok
2024-08-26 16:02:58,482 [INFO]  add bonus points 0.10433082800000193 (total = 0.1)
2024-08-26 16:02:58,482 [INFO]  current bonus: 0.0
2024-08-26 16:02:58,482 [INFO]  2/2
2024-08-26 16:06:12,154 [ERROR]  Caught exception in stage main
Traceback (most recent call last):
  File "/Users/wangying/Desktop/PupilDilationPsychopy/PupilDilationExp/experiment.py", line 40, in wrapper
    f(self, *args, **kwargs)
  File "/Users/wangying/Desktop/PupilDilationPsychopy/PupilDilationExp/experiment.py", line 590, in main
    event.waitKeys(keyList=['space', 'c'])
  File "/Users/wangying/Desktop/PupilDilationPsychopy/myenv/lib/python3.9/site-packages/psychopy/event.py", line 529, in waitKeys
    keys = getKeys(keyList=keyList, modifiers=modifiers,
  File "/Users/wangying/Desktop/PupilDilationPsychopy/myenv/lib/python3.9/site-packages/psychopy/event.py", line 412, in getKeys
    win.dispatch_events()  # pump events on pyglet windows
  File "/Users/wangying/Desktop/PupilDilationPsychopy/myenv/lib/python3.9/site-packages/pyglet/window/cocoa/__init__.py", line 305, in dispatch_events
    pool = NSAutoreleasePool.new()
  File "/Users/wangying/Desktop/PupilDilationPsychopy/myenv/lib/python3.9/site-packages/pyglet/libs/darwin/cocoapy/runtime.py", line 805, in __call__
    return self.method(self.objc_id, *args)
  File "/Users/wangying/Desktop/PupilDilationPsychopy/myenv/lib/python3.9/site-packages/pyglet/libs/darwin/cocoapy/runtime.py", line 778, in __call__
    result = ObjCInstance(result)
  File "/Users/wangying/Desktop/PupilDilationPsychopy/myenv/lib/python3.9/site-packages/pyglet/libs/darwin/cocoapy/runtime.py", line 972, in __new__
    observer = send_message(send_message('DeallocationObserver', 'alloc'), 'initWithObject:', objc_instance)
  File "/Users/wangying/Desktop/PupilDilationPsychopy/myenv/lib/python3.9/site-packages/pyglet/libs/darwin/cocoapy/runtime.py", line 471, in send_message
    selector = get_selector(selName)
  File "/Users/wangying/Desktop/PupilDilationPsychopy/myenv/lib/python3.9/site-packages/pyglet/libs/darwin/cocoapy/runtime.py", line 420, in get_selector
    return c_void_p(objc.sel_registerName(ensure_bytes(name)))
KeyboardInterrupt
