2024-08-30 13:44:57,243 [INFO]  starting up 24-08-30-1344_setting0 at 2.026773708174005
2024-08-30 13:44:57,269 [INFO]  git SHA: cd5fa54154593ef9c41ab71101e5be212113e163
2024-08-30 13:44:57,269 [INFO]  setting file name: s0
2024-08-30 13:44:57,270 [INFO]  parameters {'points_per_cent': 2, 'time_limit': 5, 'correct_responses': ['f', 'j'], 'combination_num': 8}
2024-08-30 13:44:58,439 [INFO]  Created window with size [3840 2160]
2024-08-30 13:44:58,577 [INFO]  Using dummy triggers
2024-08-30 13:44:58,577 [INFO]  begin main
2024-08-30 13:44:58,577 [DEBUG]  message: Ready? Let go! (None)
2024-08-30 13:44:59,961 [INFO]  Starting block 0: {'left_cue_condition': 0.5, 'stimA_condition': 0.9}
2024-08-30 13:44:59,961 [INFO]  block 0 label:('<<<<<>>>>>', 'ooooooooox')
2024-08-30 13:44:59,962 [DEBUG]  message: Block 1: 
cue proportion <<<<<>>>>> 
stimulus proportion ooooooooox (None)
2024-08-30 13:45:01,308 [INFO]  begin trial {"cue_direction": "right", "stimulus": "A|A", "correct_response": "f", "left_cue_condition": 0.5, "stimA_condition": 0.9}
2024-08-30 13:45:01,308 [DEBUG]  Trial.log 6.092 initialize status = ok
2024-08-30 13:45:01,308 [DEBUG]  MouseLink message
2024-08-30 13:45:01,308 [DEBUG]  Trial.log 6.093 start recording 
2024-08-30 13:45:01,308 [DEBUG]  MouseLink message
2024-08-30 13:45:01,308 [INFO]  MouseLink start_recording
2024-08-30 13:45:01,308 [DEBUG]  Trial.log 6.093 start 
2024-08-30 13:45:01,308 [DEBUG]  MouseLink message
2024-08-30 13:45:01,311 [DEBUG]  Trial.log 6.095 show fixation 
2024-08-30 13:45:01,311 [INFO]  send trigger 0
2024-08-30 13:45:01,311 [DEBUG]  MouseLink message
2024-08-30 13:45:01,818 [DEBUG]  Trial.log 6.602 show cue 
2024-08-30 13:45:01,818 [INFO]  send trigger 1
2024-08-30 13:45:01,818 [DEBUG]  MouseLink message
2024-08-30 13:45:03,328 [DEBUG]  Trial.log 8.112 show fixation 
2024-08-30 13:45:03,328 [INFO]  send trigger 0
2024-08-30 13:45:03,328 [DEBUG]  MouseLink message
2024-08-30 13:45:03,837 [DEBUG]  Trial.log 8.622 start sound 
2024-08-30 13:45:03,837 [INFO]  send trigger 2
2024-08-30 13:45:03,837 [DEBUG]  MouseLink message
2024-08-30 13:45:04,338 [DEBUG]  Trial.log 9.122 start decision window 
2024-08-30 13:45:04,338 [DEBUG]  MouseLink message
2024-08-30 13:45:07,780 [DEBUG]  Trial.log 12.564 response response = f, performance = Correct
2024-08-30 13:45:07,780 [DEBUG]  MouseLink message
2024-08-30 13:45:07,780 [DEBUG]  Trial.log 12.564 done 
2024-08-30 13:45:07,780 [INFO]  send trigger 4
2024-08-30 13:45:07,780 [DEBUG]  MouseLink message
2024-08-30 13:45:07,780 [INFO]  end trial [{"time": 6.092499083140865, "event": "initialize", "status": "ok"}, {"time": 6.092571041313931, "event": "start recording"}, {"time": 6.092644166434184, "event": "start"}, {"time": 6.0952686665114015, "event": "show fixation"}, {"time": 6.602360166376457, "event": "show cue"}, {"time": 8.111830999841914, "event": "show fixation"}, {"time": 8.621699291514233, "event": "start sound"}, {"time": 9.121824958128855, "event": "start decision window"}, {"time": 12.56388287502341, "event": "response", "response": "f", "performance": "Correct"}, {"time": 12.564010625006631, "event": "done"}]
2024-08-30 13:45:07,780 [INFO]  MouseLink stop_recording
2024-08-30 13:45:07,783 [INFO]  trial.status is ok
2024-08-30 13:45:07,783 [DEBUG]  add bonus points 0.05794133339077234 (total = 0.025)
2024-08-30 13:45:07,783 [INFO]  current bonus: 0.02
2024-08-30 13:45:07,783 [INFO]  1/2
2024-08-30 13:45:07,783 [INFO]  begin trial {"cue_direction": "left", "stimulus": "A|A", "correct_response": "f", "left_cue_condition": 0.5, "stimA_condition": 0.9}
2024-08-30 13:45:07,783 [DEBUG]  Trial.log 12.567 initialize status = ok
2024-08-30 13:45:07,783 [DEBUG]  MouseLink message
2024-08-30 13:45:07,783 [DEBUG]  Trial.log 12.567 start recording 
2024-08-30 13:45:07,783 [DEBUG]  MouseLink message
2024-08-30 13:45:07,783 [INFO]  MouseLink start_recording
2024-08-30 13:45:07,783 [DEBUG]  Trial.log 12.567 start 
2024-08-30 13:45:07,783 [DEBUG]  MouseLink message
2024-08-30 13:45:07,784 [DEBUG]  Trial.log 12.568 show fixation 
2024-08-30 13:45:07,784 [INFO]  send trigger 0
2024-08-30 13:45:07,784 [DEBUG]  MouseLink message
2024-08-30 13:45:08,290 [DEBUG]  Trial.log 13.074 show cue 
2024-08-30 13:45:08,290 [INFO]  send trigger 1
2024-08-30 13:45:08,290 [DEBUG]  MouseLink message
2024-08-30 13:45:09,796 [DEBUG]  Trial.log 14.581 show fixation 
2024-08-30 13:45:09,796 [INFO]  send trigger 0
2024-08-30 13:45:09,796 [DEBUG]  MouseLink message
2024-08-30 13:45:10,305 [DEBUG]  Trial.log 15.089 start sound 
2024-08-30 13:45:10,305 [INFO]  send trigger 2
2024-08-30 13:45:10,305 [DEBUG]  MouseLink message
2024-08-30 13:45:10,805 [DEBUG]  Trial.log 15.589 start decision window 
2024-08-30 13:45:10,805 [DEBUG]  MouseLink message
2024-08-30 13:45:12,726 [DEBUG]  Trial.log 17.511 response response = f, performance = Correct
2024-08-30 13:45:12,726 [DEBUG]  MouseLink message
2024-08-30 13:45:12,726 [DEBUG]  Trial.log 17.511 done 
2024-08-30 13:45:12,726 [INFO]  send trigger 4
2024-08-30 13:45:12,726 [DEBUG]  MouseLink message
2024-08-30 13:45:12,726 [INFO]  end trial [{"time": 12.567247958155349, "event": "initialize", "status": "ok"}, {"time": 12.567314374959096, "event": "start recording"}, {"time": 12.56738004134968, "event": "start"}, {"time": 12.56834837491624, "event": "show fixation"}, {"time": 13.07439099997282, "event": "show cue"}, {"time": 14.580625416478142, "event": "show fixation"}, {"time": 15.08916304144077, "event": "start sound"}, {"time": 15.589361791498959, "event": "start decision window"}, {"time": 17.51053912495263, "event": "response", "response": "f", "performance": "Correct"}, {"time": 17.510645541362464, "event": "done"}]
2024-08-30 13:45:12,726 [INFO]  MouseLink stop_recording
2024-08-30 13:45:12,729 [INFO]  trial.status is ok
2024-08-30 13:45:12,729 [DEBUG]  add bonus points 1.5788219165988266 (total = 0.81)
2024-08-30 13:45:12,729 [INFO]  current bonus: 0.81
2024-08-30 13:45:12,729 [INFO]  2/2
2024-08-30 13:45:14,742 [INFO]  MouseLink calibrate
2024-08-30 13:45:14,742 [INFO]  Starting block 1: {'left_cue_condition': 0.3, 'stimA_condition': 0.5}
2024-08-30 13:45:14,742 [INFO]  block 1 label:('<<<>>>>>>>', 'oooooxxxxx')
2024-08-30 13:45:14,742 [DEBUG]  message: Block 2: 
cue proportion <<<>>>>>>> 
stimulus proportion oooooxxxxx (None)
2024-08-30 13:45:15,456 [INFO]  begin trial {"cue_direction": "right", "stimulus": "A|B", "correct_response": "j", "left_cue_condition": 0.3, "stimA_condition": 0.5}
2024-08-30 13:45:15,456 [DEBUG]  Trial.log 20.240 initialize status = ok
2024-08-30 13:45:15,456 [DEBUG]  MouseLink message
2024-08-30 13:45:15,456 [DEBUG]  Trial.log 20.240 start recording 
2024-08-30 13:45:15,456 [DEBUG]  MouseLink message
2024-08-30 13:45:15,456 [INFO]  MouseLink start_recording
2024-08-30 13:45:15,456 [DEBUG]  Trial.log 20.240 start 
2024-08-30 13:45:15,456 [DEBUG]  MouseLink message
2024-08-30 13:45:15,457 [DEBUG]  Trial.log 20.241 show fixation 
2024-08-30 13:45:15,457 [INFO]  send trigger 0
2024-08-30 13:45:15,457 [DEBUG]  MouseLink message
2024-08-30 13:45:15,961 [DEBUG]  Trial.log 20.746 show cue 
2024-08-30 13:45:15,962 [INFO]  send trigger 1
2024-08-30 13:45:15,962 [DEBUG]  MouseLink message
2024-08-30 13:45:17,467 [DEBUG]  Trial.log 22.252 show fixation 
2024-08-30 13:45:17,467 [INFO]  send trigger 0
2024-08-30 13:45:17,467 [DEBUG]  MouseLink message
2024-08-30 13:45:17,977 [DEBUG]  Trial.log 22.761 start sound 
2024-08-30 13:45:17,977 [INFO]  send trigger 2
2024-08-30 13:45:17,977 [DEBUG]  MouseLink message
2024-08-30 13:45:18,477 [DEBUG]  Trial.log 23.261 start decision window 
2024-08-30 13:45:18,477 [DEBUG]  MouseLink message
2024-08-30 13:45:21,317 [DEBUG]  Trial.log 26.101 response response = j, performance = Correct
2024-08-30 13:45:21,317 [DEBUG]  MouseLink message
2024-08-30 13:45:21,317 [DEBUG]  Trial.log 26.101 done 
2024-08-30 13:45:21,317 [INFO]  send trigger 4
2024-08-30 13:45:21,317 [DEBUG]  MouseLink message
2024-08-30 13:45:21,317 [INFO]  end trial [{"time": 20.240217124810442, "event": "initialize", "status": "ok"}, {"time": 20.240283291321248, "event": "start recording"}, {"time": 20.240353958215564, "event": "start"}, {"time": 20.24123429134488, "event": "show fixation"}, {"time": 20.745783208170906, "event": "show cue"}, {"time": 22.251658166525885, "event": "show fixation"}, {"time": 22.76119870808907, "event": "start sound"}, {"time": 23.26134133315645, "event": "start decision window"}, {"time": 26.101016791304573, "event": "response", "response": "j", "performance": "Correct"}, {"time": 26.101143250009045, "event": "done"}]
2024-08-30 13:45:21,317 [INFO]  MouseLink stop_recording
2024-08-30 13:45:21,320 [INFO]  trial.status is ok
2024-08-30 13:45:21,320 [DEBUG]  add bonus points 0.6603144998662174 (total = 1.1400000000000001)
2024-08-30 13:45:21,320 [INFO]  current bonus: 1.14
2024-08-30 13:45:21,320 [INFO]  1/2
2024-08-30 13:45:21,320 [INFO]  begin trial {"cue_direction": "left", "stimulus": "A|B", "correct_response": "f", "left_cue_condition": 0.3, "stimA_condition": 0.5}
2024-08-30 13:45:21,320 [DEBUG]  Trial.log 26.104 initialize status = ok
2024-08-30 13:45:21,320 [DEBUG]  MouseLink message
2024-08-30 13:45:21,320 [DEBUG]  Trial.log 26.104 start recording 
2024-08-30 13:45:21,320 [DEBUG]  MouseLink message
2024-08-30 13:45:21,320 [INFO]  MouseLink start_recording
2024-08-30 13:45:21,320 [DEBUG]  Trial.log 26.104 start 
2024-08-30 13:45:21,320 [DEBUG]  MouseLink message
2024-08-30 13:45:21,321 [DEBUG]  Trial.log 26.105 show fixation 
2024-08-30 13:45:21,321 [INFO]  send trigger 0
2024-08-30 13:45:21,321 [DEBUG]  MouseLink message
2024-08-30 13:45:21,828 [DEBUG]  Trial.log 26.612 show cue 
2024-08-30 13:45:21,828 [INFO]  send trigger 1
2024-08-30 13:45:21,828 [DEBUG]  MouseLink message
2024-08-30 13:45:23,333 [DEBUG]  Trial.log 28.118 show fixation 
2024-08-30 13:45:23,334 [INFO]  send trigger 0
2024-08-30 13:45:23,334 [DEBUG]  MouseLink message
2024-08-30 13:45:23,842 [DEBUG]  Trial.log 28.626 start sound 
2024-08-30 13:45:23,842 [INFO]  send trigger 2
2024-08-30 13:45:23,842 [DEBUG]  MouseLink message
2024-08-30 13:45:24,342 [DEBUG]  Trial.log 29.126 start decision window 
2024-08-30 13:45:24,342 [DEBUG]  MouseLink message
2024-08-30 13:45:24,374 [WARNING]  Abort key pressed
2024-08-30 13:45:28,157 [WARNING]  emergency save data
2024-08-30 13:45:28,158 [INFO]  MouseLink save_data
2024-08-30 13:45:28,158 [WARNING]  eyelink data saved?
2024-08-30 13:45:28,158 [INFO]  wrote data/exp/v1/24-08-30-1344_setting0.txt
2024-08-30 13:45:33,886 [INFO]  MouseLink calibrate
2024-08-30 13:45:33,886 [INFO]  Starting block 2: {'left_cue_condition': 0.5, 'stimA_condition': 0.5}
2024-08-30 13:45:33,886 [INFO]  block 2 label:('<<<<<>>>>>', 'oooooxxxxx')
2024-08-30 13:45:33,886 [DEBUG]  message: Block 3: 
cue proportion <<<<<>>>>> 
stimulus proportion oooooxxxxx (None)
2024-08-30 13:45:34,880 [INFO]  begin trial {"cue_direction": "right", "stimulus": "A|A", "correct_response": "f", "left_cue_condition": 0.5, "stimA_condition": 0.5}
2024-08-30 13:45:34,880 [DEBUG]  Trial.log 39.665 initialize status = ok
2024-08-30 13:45:34,880 [DEBUG]  MouseLink message
2024-08-30 13:45:34,881 [DEBUG]  Trial.log 39.665 start recording 
2024-08-30 13:45:34,881 [DEBUG]  MouseLink message
2024-08-30 13:45:34,881 [INFO]  MouseLink start_recording
2024-08-30 13:45:34,881 [DEBUG]  Trial.log 39.665 start 
2024-08-30 13:45:34,881 [DEBUG]  MouseLink message
2024-08-30 13:45:34,882 [DEBUG]  Trial.log 39.666 show fixation 
2024-08-30 13:45:34,882 [INFO]  send trigger 0
2024-08-30 13:45:34,882 [DEBUG]  MouseLink message
2024-08-30 13:45:35,386 [DEBUG]  Trial.log 40.170 show cue 
2024-08-30 13:45:35,386 [INFO]  send trigger 1
2024-08-30 13:45:35,386 [DEBUG]  MouseLink message
2024-08-30 13:45:36,895 [DEBUG]  Trial.log 41.680 show fixation 
2024-08-30 13:45:36,895 [INFO]  send trigger 0
2024-08-30 13:45:36,896 [DEBUG]  MouseLink message
2024-08-30 13:45:37,404 [DEBUG]  Trial.log 42.188 start sound 
2024-08-30 13:45:37,404 [INFO]  send trigger 2
2024-08-30 13:45:37,404 [DEBUG]  MouseLink message
2024-08-30 13:45:37,904 [DEBUG]  Trial.log 42.688 start decision window 
2024-08-30 13:45:37,904 [DEBUG]  MouseLink message
2024-08-30 13:45:39,614 [WARNING]  Abort key pressed
2024-08-30 13:45:40,653 [WARNING]  emergency save data
2024-08-30 13:45:40,653 [INFO]  MouseLink save_data
2024-08-30 13:45:40,653 [WARNING]  eyelink data saved?
2024-08-30 13:45:40,654 [INFO]  wrote data/exp/v1/24-08-30-1344_setting0.txt
