2024-08-23 14:59:33,307 [INFO]  starting up 24-08-23-1459_setting0 at 2.2071143332868814
2024-08-23 14:59:33,332 [INFO]  git SHA: b4a6af2002eea4174ba9918dc19b4af7d929f6c4
2024-08-23 14:59:33,333 [INFO]  setting file name: s0
2024-08-23 14:59:33,333 [INFO]  parameters {'points_per_cent': 2, 'time_limit': 5, 'correct_responses': ['f', 'j'], 'combination_num': 8}
2024-08-23 14:59:34,500 [INFO]  Created window with size [3840 2160]
2024-08-23 14:59:34,714 [INFO]  Using dummy triggers
2024-08-23 14:59:34,714 [INFO]  begin intro_main
2024-08-23 14:59:34,715 [DEBUG]  message: Alright! We're ready to begin the main phase of the experiment. (None)
2024-08-23 14:59:35,715 [DEBUG]  message: There will be 4 blocks. Each block inludes 30 trials, taking 4 minites maximum. (None)
2024-08-23 14:59:36,123 [DEBUG]  message: The blocks are all slightly different, because we changes the chances of showing a specific cue and sound stimulus between blocks. We will let you know the chances before starting each block.  (None)
2024-08-23 14:59:36,455 [DEBUG]  message: For example, you may see a pattern as below. The left part indicates how often you will see a specific cue and the right part indicates how often you'll see a specific stimuli. (('<<<>>>>>>>', 'oooooooxxx'))
2024-08-23 14:59:36,464 [DEBUG]  message: Apart from that, it will be greatly appreciated if you can focus on the center of the screen as much as possible, since it will help us get better measurements :) (None)
2024-08-23 14:59:36,683 [DEBUG]  message: Ready? Let go! (None)
2024-08-23 14:59:36,917 [INFO]  begin main
2024-08-23 14:59:36,917 [INFO]  Starting block 0: {'left_cue_condition': 0.9, 'stimA_condition': 0.5}
2024-08-23 14:59:36,917 [INFO]  block 0 label:('<<<<<<<<<>', 'oooooxxxxx')
2024-08-23 14:59:36,917 [DEBUG]  message: Block 1: 
cue proportion <<<<<<<<<> 
stimulus proportion oooooxxxxx (None)
2024-08-23 14:59:37,381 [INFO]  begin trial {"cue_direction": "left", "stimulus": "B|A", "correct_response": "j", "left_cue_condition": null, "stimA_condition": null}
2024-08-23 14:59:37,381 [DEBUG]  Trial.log 6.281 initialize status = ok
2024-08-23 14:59:37,381 [DEBUG]  MouseLink message
2024-08-23 14:59:37,381 [DEBUG]  Trial.log 6.281 start recording 
2024-08-23 14:59:37,382 [DEBUG]  MouseLink message
2024-08-23 14:59:37,382 [INFO]  MouseLink start_recording
2024-08-23 14:59:37,382 [DEBUG]  Trial.log 6.281 start 
2024-08-23 14:59:37,382 [DEBUG]  MouseLink message
2024-08-23 14:59:37,384 [DEBUG]  Trial.log 6.284 show fixation 
2024-08-23 14:59:37,384 [INFO]  send trigger 0
2024-08-23 14:59:37,384 [DEBUG]  MouseLink message
