2024-08-26 15:46:24,707 [INFO]  starting up 24-08-26-1546_setting0 at 19.12629868900001
2024-08-26 15:46:24,776 [INFO]  git SHA: a2a5c43fb29217d9d662423e1a729b55dd49a308
2024-08-26 15:46:24,777 [INFO]  setting file name: s0
2024-08-26 15:46:24,778 [INFO]  parameters {'points_per_cent': 2, 'time_limit': 5, 'correct_responses': ['f', 'j'], 'combination_num': 8}
2024-08-26 15:46:26,480 [INFO]  Created window with size [1300 1000]
2024-08-26 15:46:26,631 [INFO]  Using dummy triggers
2024-08-26 15:46:26,632 [INFO]  begin main
2024-08-26 15:46:26,632 [DEBUG]  message: Ready? Let go! (None)
2024-08-26 15:46:29,284 [INFO]  Starting block 0: {'left_cue_condition': 0.5, 'stimA_condition': 0.9}
2024-08-26 15:46:29,284 [INFO]  block 0 label:('<<<<<>>>>>', 'ooooooooox')
2024-08-26 15:46:29,284 [DEBUG]  message: Block 1: 
cue proportion <<<<<>>>>> 
stimulus proportion ooooooooox (None)
2024-08-26 15:46:31,790 [INFO]  begin trial {"cue_direction": "right", "stimulus": "B|A", "correct_response": "f", "left_cue_condition": 0.5, "stimA_condition": 0.9}
2024-08-26 15:46:31,790 [DEBUG]  Trial.log 26.210 initialize status = ok
2024-08-26 15:46:31,790 [DEBUG]  MouseLink message
2024-08-26 15:46:31,790 [DEBUG]  Trial.log 26.210 start recording 
2024-08-26 15:46:31,790 [DEBUG]  MouseLink message
2024-08-26 15:46:31,790 [INFO]  MouseLink start_recording
2024-08-26 15:46:31,790 [DEBUG]  Trial.log 26.210 start 
2024-08-26 15:46:31,790 [DEBUG]  MouseLink message
2024-08-26 15:46:31,796 [DEBUG]  Trial.log 26.216 show fixation 
2024-08-26 15:46:31,796 [INFO]  send trigger 0
2024-08-26 15:46:31,796 [DEBUG]  MouseLink message
2024-08-26 15:46:32,309 [DEBUG]  Trial.log 26.729 show cue 
2024-08-26 15:46:32,309 [INFO]  send trigger 1
2024-08-26 15:46:32,309 [DEBUG]  MouseLink message
2024-08-26 15:46:33,817 [DEBUG]  Trial.log 28.237 show fixation 
2024-08-26 15:46:33,817 [INFO]  send trigger 0
2024-08-26 15:46:33,817 [DEBUG]  MouseLink message
2024-08-26 15:46:34,434 [DEBUG]  Trial.log 28.853 start sound 
2024-08-26 15:46:34,434 [INFO]  send trigger 2
2024-08-26 15:46:34,434 [DEBUG]  MouseLink message
2024-08-26 15:46:34,934 [DEBUG]  Trial.log 29.354 start decision window 
2024-08-26 15:46:34,934 [DEBUG]  MouseLink message
2024-08-26 15:46:40,133 [DEBUG]  Trial.log 34.553 response response = j, performance = Incorrect
2024-08-26 15:46:40,134 [DEBUG]  MouseLink message
2024-08-26 15:46:40,134 [DEBUG]  Trial.log 34.554 done 
2024-08-26 15:46:40,134 [INFO]  send trigger 4
2024-08-26 15:46:40,134 [DEBUG]  MouseLink message
2024-08-26 15:46:40,134 [INFO]  end trial [{"time": 26.20991081400001, "event": "initialize", "status": "ok"}, {"time": 26.210057092, "event": "start recording"}, {"time": 26.21022115400001, "event": "start"}, {"time": 26.21555567300001, "event": "show fixation"}, {"time": 26.728735951000004, "event": "show cue"}, {"time": 28.236996696000006, "event": "show fixation"}, {"time": 28.85324614700002, "event": "start sound"}, {"time": 29.353869419999995, "event": "start decision window"}, {"time": 34.55286237500002, "event": "response", "response": "j", "performance": "Incorrect"}, {"time": 34.55360879900002, "event": "done"}]
2024-08-26 15:46:40,134 [INFO]  MouseLink stop_recording
2024-08-26 15:46:40,137 [INFO]  gt.status is ok
2024-08-26 15:46:40,137 [DEBUG]  add bonus points -0.0 (total = 0)
2024-08-26 15:46:40,137 [INFO]  current bonus: 0.0
2024-08-26 15:46:40,137 [INFO]  1/2
2024-08-26 15:46:40,138 [INFO]  begin trial {"cue_direction": "left", "stimulus": "A|A", "correct_response": "f", "left_cue_condition": 0.5, "stimA_condition": 0.9}
2024-08-26 15:46:40,138 [DEBUG]  Trial.log 34.558 initialize status = ok
2024-08-26 15:46:40,138 [DEBUG]  MouseLink message
2024-08-26 15:46:40,138 [DEBUG]  Trial.log 34.558 start recording 
2024-08-26 15:46:40,138 [DEBUG]  MouseLink message
2024-08-26 15:46:40,138 [INFO]  MouseLink start_recording
2024-08-26 15:46:40,138 [DEBUG]  Trial.log 34.558 start 
2024-08-26 15:46:40,138 [DEBUG]  MouseLink message
2024-08-26 15:46:40,143 [DEBUG]  Trial.log 34.563 show fixation 
2024-08-26 15:46:40,143 [INFO]  send trigger 0
2024-08-26 15:46:40,144 [DEBUG]  MouseLink message
2024-08-26 15:46:40,657 [DEBUG]  Trial.log 35.076 show cue 
2024-08-26 15:46:40,657 [INFO]  send trigger 1
2024-08-26 15:46:40,657 [DEBUG]  MouseLink message
2024-08-26 15:46:42,183 [DEBUG]  Trial.log 36.602 show fixation 
2024-08-26 15:46:42,183 [INFO]  send trigger 0
2024-08-26 15:46:42,183 [DEBUG]  MouseLink message
2024-08-26 15:46:42,701 [DEBUG]  Trial.log 37.120 start sound 
2024-08-26 15:46:42,701 [INFO]  send trigger 2
2024-08-26 15:46:42,701 [DEBUG]  MouseLink message
2024-08-26 15:46:43,201 [DEBUG]  Trial.log 37.621 start decision window 
2024-08-26 15:46:43,202 [DEBUG]  MouseLink message
2024-08-26 15:46:45,871 [DEBUG]  Trial.log 40.291 response response = f, performance = Correct
2024-08-26 15:46:45,872 [DEBUG]  MouseLink message
2024-08-26 15:46:45,872 [DEBUG]  Trial.log 40.291 done 
2024-08-26 15:46:45,872 [INFO]  send trigger 4
2024-08-26 15:46:45,872 [DEBUG]  MouseLink message
2024-08-26 15:46:45,872 [INFO]  end trial [{"time": 34.557678108000005, "event": "initialize", "status": "ok"}, {"time": 34.55791660600002, "event": "start recording"}, {"time": 34.55813612100002, "event": "start"}, {"time": 34.56308821800002, "event": "show fixation"}, {"time": 35.076383230999994, "event": "show cue"}, {"time": 36.60232657100002, "event": "show fixation"}, {"time": 37.12039778600001, "event": "start sound"}, {"time": 37.62116517800001, "event": "start decision window"}, {"time": 40.29065129, "event": "response", "response": "f", "performance": "Correct"}, {"time": 40.29142103000001, "event": "done"}]
2024-08-26 15:46:45,872 [INFO]  MouseLink stop_recording
2024-08-26 15:46:45,876 [INFO]  gt.status is ok
2024-08-26 15:46:45,876 [DEBUG]  add bonus points -0.16949097699998106 (total = 0)
2024-08-26 15:46:45,876 [INFO]  current bonus: 0.0
2024-08-26 15:46:45,876 [INFO]  2/2
2024-08-26 15:50:45,605 [ERROR]  Caught exception in stage main
Traceback (most recent call last):
  File "/Users/wangying/Desktop/PupilDilationPsychopy/PupilDilationExp/experiment.py", line 40, in wrapper
    f(self, *args, **kwargs)
  File "/Users/wangying/Desktop/PupilDilationPsychopy/PupilDilationExp/experiment.py", line 588, in main
    event.waitKeys(keyList=['space', 'c'])
  File "/Users/wangying/Desktop/PupilDilationPsychopy/myenv/lib/python3.9/site-packages/psychopy/event.py", line 529, in waitKeys
    keys = getKeys(keyList=keyList, modifiers=modifiers,
  File "/Users/wangying/Desktop/PupilDilationPsychopy/myenv/lib/python3.9/site-packages/psychopy/event.py", line 412, in getKeys
    win.dispatch_events()  # pump events on pyglet windows
  File "/Users/wangying/Desktop/PupilDilationPsychopy/myenv/lib/python3.9/site-packages/pyglet/window/cocoa/__init__.py", line 305, in dispatch_events
    pool = NSAutoreleasePool.new()
  File "/Users/wangying/Desktop/PupilDilationPsychopy/myenv/lib/python3.9/site-packages/pyglet/libs/darwin/cocoapy/runtime.py", line 805, in __call__
    return self.method(self.objc_id, *args)
  File "/Users/wangying/Desktop/PupilDilationPsychopy/myenv/lib/python3.9/site-packages/pyglet/libs/darwin/cocoapy/runtime.py", line 778, in __call__
    result = ObjCInstance(result)
  File "/Users/wangying/Desktop/PupilDilationPsychopy/myenv/lib/python3.9/site-packages/pyglet/libs/darwin/cocoapy/runtime.py", line 977, in __new__
    send_message(observer, 'release')
  File "/Users/wangying/Desktop/PupilDilationPsychopy/myenv/lib/python3.9/site-packages/pyglet/libs/darwin/cocoapy/runtime.py", line 487, in send_message
    result = objc.objc_msgSend(receiver, selector, *args)
KeyboardInterrupt
