2024-08-26 15:58:53,250 [INFO]  starting up 24-08-26-1558_setting0 at 11.645516500999975
2024-08-26 15:58:53,282 [INFO]  git SHA: a2a5c43fb29217d9d662423e1a729b55dd49a308
2024-08-26 15:58:53,282 [INFO]  setting file name: s0
2024-08-26 15:58:53,283 [INFO]  parameters {'points_per_cent': 2, 'time_limit': 5, 'correct_responses': ['f', 'j'], 'combination_num': 8}
2024-08-26 15:58:53,666 [INFO]  Created window with size [1300 1000]
2024-08-26 15:58:53,789 [INFO]  Using dummy triggers
2024-08-26 15:58:53,789 [INFO]  begin main
2024-08-26 15:58:53,789 [DEBUG]  message: Ready? Let go! (None)
2024-08-26 15:59:10,239 [INFO]  Starting block 0: {'left_cue_condition': 0.3, 'stimA_condition': 0.5}
2024-08-26 15:59:10,239 [INFO]  block 0 label:('<<<>>>>>>>', 'oooooxxxxx')
2024-08-26 15:59:10,239 [DEBUG]  message: Block 1: 
cue proportion <<<>>>>>>> 
stimulus proportion oooooxxxxx (None)
2024-08-26 15:59:10,579 [INFO]  begin trial {"cue_direction": "right", "stimulus": "B|B", "correct_response": "j", "left_cue_condition": 0.3, "stimA_condition": 0.5}
2024-08-26 15:59:10,579 [DEBUG]  Trial.log 28.974 initialize status = ok
2024-08-26 15:59:10,579 [DEBUG]  MouseLink message
2024-08-26 15:59:10,579 [DEBUG]  Trial.log 28.974 start recording 
2024-08-26 15:59:10,579 [DEBUG]  MouseLink message
2024-08-26 15:59:10,579 [INFO]  MouseLink start_recording
2024-08-26 15:59:10,579 [DEBUG]  Trial.log 28.974 start 
2024-08-26 15:59:10,579 [DEBUG]  MouseLink message
2024-08-26 15:59:10,584 [DEBUG]  Trial.log 28.979 show fixation 
2024-08-26 15:59:10,584 [INFO]  send trigger 0
2024-08-26 15:59:10,584 [DEBUG]  MouseLink message
2024-08-26 15:59:11,093 [DEBUG]  Trial.log 29.488 show cue 
2024-08-26 15:59:11,093 [INFO]  send trigger 1
2024-08-26 15:59:11,093 [DEBUG]  MouseLink message
2024-08-26 15:59:12,607 [DEBUG]  Trial.log 31.002 show fixation 
2024-08-26 15:59:12,607 [INFO]  send trigger 0
2024-08-26 15:59:12,607 [DEBUG]  MouseLink message
2024-08-26 15:59:13,195 [DEBUG]  Trial.log 31.590 start sound 
2024-08-26 15:59:13,195 [INFO]  send trigger 2
2024-08-26 15:59:13,195 [DEBUG]  MouseLink message
2024-08-26 15:59:13,696 [DEBUG]  Trial.log 32.091 start decision window 
2024-08-26 15:59:13,696 [DEBUG]  MouseLink message
2024-08-26 15:59:16,335 [DEBUG]  Trial.log 34.730 response response = j, performance = Correct
2024-08-26 15:59:16,335 [DEBUG]  MouseLink message
2024-08-26 15:59:16,335 [DEBUG]  Trial.log 34.731 done 
2024-08-26 15:59:16,335 [INFO]  send trigger 4
2024-08-26 15:59:16,335 [DEBUG]  MouseLink message
2024-08-26 15:59:16,335 [INFO]  end trial [{"time": 28.974154502000033, "event": "initialize", "status": "ok"}, {"time": 28.974284718000035, "event": "start recording"}, {"time": 28.97443461900002, "event": "start"}, {"time": 28.978927970999962, "event": "show fixation"}, {"time": 29.488381066999978, "event": "show cue"}, {"time": 31.002119472999993, "event": "show fixation"}, {"time": 31.59035609500006, "event": "start sound"}, {"time": 32.09098947200005, "event": "start decision window"}, {"time": 34.729835150999975, "event": "response", "response": "j", "performance": "Correct"}, {"time": 34.73056056600001, "event": "done"}]
2024-08-26 15:59:16,335 [INFO]  MouseLink stop_recording
2024-08-26 15:59:16,338 [INFO]  gt.status is ok
2024-08-26 15:59:16,338 [INFO]  add bonus points -0.13884008599995923 (total = 0)
2024-08-26 15:59:16,338 [INFO]  current bonus: 0.0
2024-08-26 15:59:16,338 [INFO]  1/2
2024-08-26 15:59:16,338 [INFO]  begin trial {"cue_direction": "right", "stimulus": "B|B", "correct_response": "j", "left_cue_condition": 0.3, "stimA_condition": 0.5}
2024-08-26 15:59:16,338 [DEBUG]  Trial.log 34.734 initialize status = ok
2024-08-26 15:59:16,339 [DEBUG]  MouseLink message
2024-08-26 15:59:16,339 [DEBUG]  Trial.log 34.734 start recording 
2024-08-26 15:59:16,339 [DEBUG]  MouseLink message
2024-08-26 15:59:16,339 [INFO]  MouseLink start_recording
2024-08-26 15:59:16,339 [DEBUG]  Trial.log 34.734 start 
2024-08-26 15:59:16,339 [DEBUG]  MouseLink message
2024-08-26 15:59:16,342 [DEBUG]  Trial.log 34.737 show fixation 
2024-08-26 15:59:16,342 [INFO]  send trigger 0
2024-08-26 15:59:16,342 [DEBUG]  MouseLink message
2024-08-26 15:59:16,849 [DEBUG]  Trial.log 35.244 show cue 
2024-08-26 15:59:16,849 [INFO]  send trigger 1
2024-08-26 15:59:16,849 [DEBUG]  MouseLink message
2024-08-26 15:59:18,361 [DEBUG]  Trial.log 36.757 show fixation 
2024-08-26 15:59:18,361 [INFO]  send trigger 0
2024-08-26 15:59:18,361 [DEBUG]  MouseLink message
2024-08-26 15:59:18,876 [DEBUG]  Trial.log 37.271 start sound 
2024-08-26 15:59:18,876 [INFO]  send trigger 2
2024-08-26 15:59:18,876 [DEBUG]  MouseLink message
2024-08-26 15:59:19,376 [DEBUG]  Trial.log 37.772 start decision window 
2024-08-26 15:59:19,377 [DEBUG]  MouseLink message
2024-08-26 15:59:21,410 [DEBUG]  Trial.log 39.806 response response = j, performance = Correct
2024-08-26 15:59:21,410 [DEBUG]  MouseLink message
2024-08-26 15:59:21,410 [DEBUG]  Trial.log 39.806 done 
2024-08-26 15:59:21,410 [INFO]  send trigger 4
2024-08-26 15:59:21,411 [DEBUG]  MouseLink message
2024-08-26 15:59:21,411 [INFO]  end trial [{"time": 34.73389241999996, "event": "initialize", "status": "ok"}, {"time": 34.734054695000054, "event": "start recording"}, {"time": 34.73421110000004, "event": "start"}, {"time": 34.73738929900003, "event": "show fixation"}, {"time": 35.244413278000025, "event": "show cue"}, {"time": 36.75656047899997, "event": "show fixation"}, {"time": 37.271449071000006, "event": "start sound"}, {"time": 37.771877378, "event": "start decision window"}, {"time": 39.80561571800001, "event": "response", "response": "j", "performance": "Correct"}, {"time": 39.80589161900002, "event": "done"}]
2024-08-26 15:59:21,411 [INFO]  MouseLink stop_recording
2024-08-26 15:59:21,412 [INFO]  gt.status is ok
2024-08-26 15:59:21,413 [INFO]  add bonus points 0.4662530059999881 (total = 0)
2024-08-26 15:59:21,413 [INFO]  current bonus: 0.0
2024-08-26 15:59:21,413 [INFO]  2/2
2024-08-26 16:02:20,952 [ERROR]  Caught exception in stage main
Traceback (most recent call last):
  File "/Users/wangying/Desktop/PupilDilationPsychopy/PupilDilationExp/experiment.py", line 40, in wrapper
    f(self, *args, **kwargs)
  File "/Users/wangying/Desktop/PupilDilationPsychopy/PupilDilationExp/experiment.py", line 590, in main
    event.waitKeys(keyList=['space', 'c'])
  File "/Users/wangying/Desktop/PupilDilationPsychopy/myenv/lib/python3.9/site-packages/psychopy/event.py", line 529, in waitKeys
    keys = getKeys(keyList=keyList, modifiers=modifiers,
  File "/Users/wangying/Desktop/PupilDilationPsychopy/myenv/lib/python3.9/site-packages/psychopy/event.py", line 412, in getKeys
    win.dispatch_events()  # pump events on pyglet windows
  File "/Users/wangying/Desktop/PupilDilationPsychopy/myenv/lib/python3.9/site-packages/pyglet/window/cocoa/__init__.py", line 308, in dispatch_events
    event = NSApp.nextEventMatchingMask_untilDate_inMode_dequeue_(
  File "/Users/wangying/Desktop/PupilDilationPsychopy/myenv/lib/python3.9/site-packages/pyglet/libs/darwin/cocoapy/runtime.py", line 990, in __getattr__
    def __getattr__(self, name):
KeyboardInterrupt
