2024-08-23 14:27:39,945 [INFO]  starting up 24-08-23-1427_setting0 at 2.1811797085683793
2024-08-23 14:27:39,983 [INFO]  git SHA: b4a6af2002eea4174ba9918dc19b4af7d929f6c4
2024-08-23 14:27:39,983 [INFO]  setting file name: s0
2024-08-23 14:27:39,984 [INFO]  parameters {'points_per_cent': 2, 'time_limit': 5, 'correct_responses': ['f', 'j'], 'combination_num': 8}
2024-08-23 14:27:41,138 [INFO]  Created window with size [3840 2160]
2024-08-23 14:27:41,637 [INFO]  Using dummy triggers
2024-08-23 14:27:41,637 [INFO]  begin setup_eyetracker
2024-08-23 14:27:41,637 [DEBUG]  message: Now we're going to calibrate the eyetracker. Please tell the experimenter. (Wait for the experimenter (space))
2024-08-23 14:27:46,230 [INFO]  New EyeLink object
2024-08-23 14:27:46,231 [INFO]  Initializing new tracker
2024-08-23 14:27:46,533 [DEBUG]  EyeLink.message Set up calibration
2024-08-23 14:27:46,566 [INFO]  Tracker initialized
2024-08-23 14:27:46,566 [DEBUG]  EyeLink.message Set up calibration
2024-08-23 14:27:46,589 [INFO]  doTrackerSetup
2024-08-23 14:38:00,077 [INFO]  done doTrackerSetup
2024-08-23 14:38:00,104 [INFO]  begin intro_main
2024-08-23 14:38:00,104 [DEBUG]  message: Alright! We're ready to begin the main phase of the experiment. (None)
2024-08-23 14:38:02,092 [DEBUG]  message: There will be 4 blocks. Each block inludes 30 trials, taking 4 minites maximum. (None)
2024-08-23 14:38:02,730 [DEBUG]  message: The blocks are all slightly different, because we changes the chances of showing a specific cue and sound stimulus between blocks. We will let you know the chances before starting each block.  (None)
2024-08-23 14:38:03,258 [DEBUG]  message: For example, you may see a pattern as below. The left part indicates how often you will see a specific cue and the right part indicates how often you'll see a specific stimuli. (('<<<>>>>>>>', 'oooooooxxx'))
2024-08-23 14:38:03,267 [DEBUG]  message: Apart from that, it will be greatly appreciated if you can focus on the center of the screen as much as possible, since it will help us get better measurements :) (None)
2024-08-23 14:38:03,682 [DEBUG]  message: Ready? Let go! (None)
2024-08-23 14:38:04,053 [INFO]  begin main
2024-08-23 14:38:04,053 [INFO]  Starting block 0: {'left_cue_condition': 0.5, 'stimA_condition': 0.9}
2024-08-23 14:38:04,053 [INFO]  block 0 label:('<<<<<>>>>>', 'ooooooooox')
2024-08-23 14:38:04,053 [DEBUG]  message: Block 1: 
cue proportion <<<<<>>>>> 
stimulus proportion ooooooooox (None)
2024-08-23 14:38:13,076 [ERROR]  Caught exception in stage main
Traceback (most recent call last):
  File "/Users/labadmin/PupilDilationExp/PupilDilationExp/experiment.py", line 40, in wrapper
    f(self, *args, **kwargs)
  File "/Users/labadmin/PupilDilationExp/PupilDilationExp/experiment.py", line 552, in main
    while trial_count < self.block_length:
TypeError: '<' not supported between instances of 'int' and 'NoneType'
