2024-08-26 16:15:39,044 [INFO]  starting up 24-08-26-1615_setting0 at 11.932306691000122
2024-08-26 16:15:39,081 [INFO]  git SHA: a2a5c43fb29217d9d662423e1a729b55dd49a308
2024-08-26 16:15:39,081 [INFO]  setting file name: s0
2024-08-26 16:15:39,083 [INFO]  parameters {'points_per_cent': 2, 'time_limit': 5, 'correct_responses': ['f', 'j'], 'combination_num': 8}
2024-08-26 16:15:40,686 [INFO]  Created window with size [1300 1000]
2024-08-26 16:15:40,792 [INFO]  Using dummy triggers
2024-08-26 16:15:40,792 [INFO]  begin main
2024-08-26 16:15:40,792 [DEBUG]  message: Ready? Let go! (None)
2024-08-26 16:15:47,267 [INFO]  Starting block 0: {'left_cue_condition': 0.3, 'stimA_condition': 0.5}
2024-08-26 16:15:47,267 [INFO]  block 0 label:('<<<>>>>>>>', 'oooooxxxxx')
2024-08-26 16:15:47,267 [DEBUG]  message: Block 1: 
cue proportion <<<>>>>>>> 
stimulus proportion oooooxxxxx (None)
2024-08-26 16:15:47,819 [INFO]  begin trial {"cue_direction": "right", "stimulus": "B|B", "correct_response": "j", "left_cue_condition": 0.3, "stimA_condition": 0.5}
2024-08-26 16:15:47,820 [DEBUG]  Trial.log 20.708 initialize status = ok
2024-08-26 16:15:47,820 [DEBUG]  MouseLink message
2024-08-26 16:15:47,820 [DEBUG]  Trial.log 20.709 start recording 
2024-08-26 16:15:47,820 [DEBUG]  MouseLink message
2024-08-26 16:15:47,820 [INFO]  MouseLink start_recording
2024-08-26 16:15:47,820 [DEBUG]  Trial.log 20.709 start 
2024-08-26 16:15:47,820 [DEBUG]  MouseLink message
2024-08-26 16:15:47,825 [DEBUG]  Trial.log 20.714 show fixation 
2024-08-26 16:15:47,825 [INFO]  send trigger 0
2024-08-26 16:15:47,826 [DEBUG]  MouseLink message
2024-08-26 16:15:48,341 [DEBUG]  Trial.log 21.230 show cue 
2024-08-26 16:15:48,341 [INFO]  send trigger 1
2024-08-26 16:15:48,342 [DEBUG]  MouseLink message
2024-08-26 16:15:49,850 [DEBUG]  Trial.log 22.738 show fixation 
2024-08-26 16:15:49,850 [INFO]  send trigger 0
2024-08-26 16:15:49,850 [DEBUG]  MouseLink message
2024-08-26 16:15:50,445 [DEBUG]  Trial.log 23.333 start sound 
2024-08-26 16:15:50,445 [INFO]  send trigger 2
2024-08-26 16:15:50,445 [DEBUG]  MouseLink message
2024-08-26 16:15:50,945 [DEBUG]  Trial.log 23.834 start decision window 
2024-08-26 16:15:50,945 [DEBUG]  MouseLink message
2024-08-26 16:15:54,278 [DEBUG]  Trial.log 27.166 response response = j, performance = Correct
2024-08-26 16:15:54,279 [DEBUG]  MouseLink message
2024-08-26 16:15:54,279 [DEBUG]  Trial.log 27.168 done 
2024-08-26 16:15:54,279 [INFO]  send trigger 4
2024-08-26 16:15:54,279 [DEBUG]  MouseLink message
2024-08-26 16:15:54,279 [INFO]  end trial [{"time": 20.708344728000156, "event": "initialize", "status": "ok"}, {"time": 20.708519739000167, "event": "start recording"}, {"time": 20.70867245600016, "event": "start"}, {"time": 20.713500106000083, "event": "show fixation"}, {"time": 21.23014249500011, "event": "show cue"}, {"time": 22.73837477799998, "event": "show fixation"}, {"time": 23.33333629499998, "event": "start sound"}, {"time": 23.834045426000102, "event": "start decision window"}, {"time": 27.16621795700007, "event": "response", "response": "j", "performance": "Correct"}, {"time": 27.167660351999984, "event": "done"}]
2024-08-26 16:15:54,279 [INFO]  MouseLink stop_recording
2024-08-26 16:15:54,299 [INFO]  gt.status is ok
2024-08-26 16:15:54,299 [INFO]  add bonus points 0.16785598599994955 (total = 0.16)
2024-08-26 16:15:54,300 [INFO]  current bonus: 0.16
2024-08-26 16:15:54,300 [INFO]  1/2
2024-08-26 16:15:54,300 [INFO]  begin trial {"cue_direction": "right", "stimulus": "A|A", "correct_response": "f", "left_cue_condition": 0.3, "stimA_condition": 0.5}
2024-08-26 16:15:54,300 [DEBUG]  Trial.log 27.189 initialize status = ok
2024-08-26 16:15:54,300 [DEBUG]  MouseLink message
2024-08-26 16:15:54,300 [DEBUG]  Trial.log 27.189 start recording 
2024-08-26 16:15:54,301 [DEBUG]  MouseLink message
2024-08-26 16:15:54,301 [INFO]  MouseLink start_recording
2024-08-26 16:15:54,301 [DEBUG]  Trial.log 27.190 start 
2024-08-26 16:15:54,301 [DEBUG]  MouseLink message
2024-08-26 16:15:54,304 [DEBUG]  Trial.log 27.193 show fixation 
2024-08-26 16:15:54,304 [INFO]  send trigger 0
2024-08-26 16:15:54,304 [DEBUG]  MouseLink message
2024-08-26 16:15:54,813 [DEBUG]  Trial.log 27.702 show cue 
2024-08-26 16:15:54,813 [INFO]  send trigger 1
2024-08-26 16:15:54,813 [DEBUG]  MouseLink message
2024-08-26 16:15:56,322 [DEBUG]  Trial.log 29.211 show fixation 
2024-08-26 16:15:56,322 [INFO]  send trigger 0
2024-08-26 16:15:56,322 [DEBUG]  MouseLink message
2024-08-26 16:15:56,841 [DEBUG]  Trial.log 29.730 start sound 
2024-08-26 16:15:56,841 [INFO]  send trigger 2
2024-08-26 16:15:56,841 [DEBUG]  MouseLink message
2024-08-26 16:15:57,341 [DEBUG]  Trial.log 30.230 start decision window 
2024-08-26 16:15:57,341 [DEBUG]  MouseLink message
2024-08-26 16:15:59,941 [DEBUG]  Trial.log 32.830 response response = f, performance = Correct
2024-08-26 16:15:59,942 [DEBUG]  MouseLink message
2024-08-26 16:15:59,942 [DEBUG]  Trial.log 32.831 done 
2024-08-26 16:15:59,942 [INFO]  send trigger 4
2024-08-26 16:15:59,942 [DEBUG]  MouseLink message
2024-08-26 16:15:59,942 [INFO]  end trial [{"time": 27.189142127000196, "event": "initialize", "status": "ok"}, {"time": 27.189351026000168, "event": "start recording"}, {"time": 27.189565252000193, "event": "start"}, {"time": 27.193040279000115, "event": "show fixation"}, {"time": 27.7020927330002, "event": "show cue"}, {"time": 29.21107601200015, "event": "show fixation"}, {"time": 29.729634516000033, "event": "start sound"}, {"time": 30.230135302000008, "event": "start decision window"}, {"time": 32.8303460300001, "event": "response", "response": "f", "performance": "Correct"}, {"time": 32.83067966600015, "event": "done"}]
2024-08-26 16:15:59,942 [INFO]  MouseLink stop_recording
2024-08-26 16:15:59,950 [INFO]  gt.status is ok
2024-08-26 16:15:59,950 [INFO]  add bonus points 0.8997193119998883 (total = 1.05)
2024-08-26 16:15:59,950 [INFO]  current bonus: 1.05
2024-08-26 16:15:59,950 [INFO]  2/2
2024-08-26 16:17:31,196 [ERROR]  Caught exception in stage main
Traceback (most recent call last):
  File "/Users/wangying/Desktop/PupilDilationPsychopy/PupilDilationExp/experiment.py", line 40, in wrapper
    f(self, *args, **kwargs)
  File "/Users/wangying/Desktop/PupilDilationPsychopy/PupilDilationExp/experiment.py", line 590, in main
    event.waitKeys(keyList=['space', 'c'])
  File "/Users/wangying/Desktop/PupilDilationPsychopy/myenv/lib/python3.9/site-packages/psychopy/event.py", line 529, in waitKeys
    keys = getKeys(keyList=keyList, modifiers=modifiers,
  File "/Users/wangying/Desktop/PupilDilationPsychopy/myenv/lib/python3.9/site-packages/psychopy/event.py", line 412, in getKeys
    win.dispatch_events()  # pump events on pyglet windows
  File "/Users/wangying/Desktop/PupilDilationPsychopy/myenv/lib/python3.9/site-packages/pyglet/window/cocoa/__init__.py", line 305, in dispatch_events
    pool = NSAutoreleasePool.new()
  File "/Users/wangying/Desktop/PupilDilationPsychopy/myenv/lib/python3.9/site-packages/pyglet/libs/darwin/cocoapy/runtime.py", line 805, in __call__
    return self.method(self.objc_id, *args)
  File "/Users/wangying/Desktop/PupilDilationPsychopy/myenv/lib/python3.9/site-packages/pyglet/libs/darwin/cocoapy/runtime.py", line 778, in __call__
    result = ObjCInstance(result)
  File "/Users/wangying/Desktop/PupilDilationPsychopy/myenv/lib/python3.9/site-packages/pyglet/libs/darwin/cocoapy/runtime.py", line 972, in __new__
    observer = send_message(send_message('DeallocationObserver', 'alloc'), 'initWithObject:', objc_instance)
  File "/Users/wangying/Desktop/PupilDilationPsychopy/myenv/lib/python3.9/site-packages/pyglet/libs/darwin/cocoapy/runtime.py", line 486, in send_message
    objc.objc_msgSend.argtypes = [c_void_p, c_void_p] + argtypes
KeyboardInterrupt
