2024-08-26 15:57:44,428 [INFO]  starting up 24-08-26-1557_setting0 at 11.471487569000033
2024-08-26 15:57:44,468 [INFO]  git SHA: a2a5c43fb29217d9d662423e1a729b55dd49a308
2024-08-26 15:57:44,469 [INFO]  setting file name: s0
2024-08-26 15:57:44,470 [INFO]  parameters {'points_per_cent': 2, 'time_limit': 5, 'correct_responses': ['f', 'j'], 'combination_num': 8}
2024-08-26 15:57:45,971 [INFO]  Created window with size [1300 1000]
2024-08-26 15:57:46,080 [INFO]  Using dummy triggers
2024-08-26 15:57:46,081 [INFO]  begin main
2024-08-26 15:57:46,081 [DEBUG]  message: Ready? Let go! (None)
2024-08-26 15:57:46,733 [INFO]  Starting block 0: {'left_cue_condition': 0.3, 'stimA_condition': 0.9}
2024-08-26 15:57:46,733 [INFO]  block 0 label:('<<<>>>>>>>', 'ooooooooox')
2024-08-26 15:57:46,733 [DEBUG]  message: Block 1: 
cue proportion <<<>>>>>>> 
stimulus proportion ooooooooox (None)
2024-08-26 15:57:48,147 [INFO]  begin trial {"cue_direction": "right", "stimulus": "A|B", "correct_response": "j", "left_cue_condition": 0.3, "stimA_condition": 0.9}
2024-08-26 15:57:48,148 [DEBUG]  Trial.log 15.191 initialize status = ok
2024-08-26 15:57:48,148 [DEBUG]  MouseLink message
2024-08-26 15:57:48,148 [DEBUG]  Trial.log 15.191 start recording 
2024-08-26 15:57:48,148 [DEBUG]  MouseLink message
2024-08-26 15:57:48,148 [INFO]  MouseLink start_recording
2024-08-26 15:57:48,148 [DEBUG]  Trial.log 15.191 start 
2024-08-26 15:57:48,148 [DEBUG]  MouseLink message
2024-08-26 15:57:48,152 [DEBUG]  Trial.log 15.196 show fixation 
2024-08-26 15:57:48,152 [INFO]  send trigger 0
2024-08-26 15:57:48,153 [DEBUG]  MouseLink message
2024-08-26 15:57:48,665 [DEBUG]  Trial.log 15.708 show cue 
2024-08-26 15:57:48,665 [INFO]  send trigger 1
2024-08-26 15:57:48,665 [DEBUG]  MouseLink message
2024-08-26 15:57:50,177 [DEBUG]  Trial.log 17.221 show fixation 
2024-08-26 15:57:50,177 [INFO]  send trigger 0
2024-08-26 15:57:50,178 [DEBUG]  MouseLink message
2024-08-26 15:57:50,773 [DEBUG]  Trial.log 17.816 start sound 
2024-08-26 15:57:50,773 [INFO]  send trigger 2
2024-08-26 15:57:50,773 [DEBUG]  MouseLink message
2024-08-26 15:57:51,274 [DEBUG]  Trial.log 18.317 start decision window 
2024-08-26 15:57:51,274 [DEBUG]  MouseLink message
2024-08-26 15:57:54,172 [DEBUG]  Trial.log 21.216 response response = j, performance = Correct
2024-08-26 15:57:54,173 [DEBUG]  MouseLink message
2024-08-26 15:57:54,173 [DEBUG]  Trial.log 21.216 done 
2024-08-26 15:57:54,173 [INFO]  send trigger 4
2024-08-26 15:57:54,173 [DEBUG]  MouseLink message
2024-08-26 15:57:54,173 [INFO]  end trial [{"time": 15.190982204000079, "event": "initialize", "status": "ok"}, {"time": 15.191179261000002, "event": "start recording"}, {"time": 15.191345015000024, "event": "start"}, {"time": 15.195669696000095, "event": "show fixation"}, {"time": 15.707987223000032, "event": "show cue"}, {"time": 17.220725562000098, "event": "show fixation"}, {"time": 17.816274859000032, "event": "start sound"}, {"time": 18.31695408400003, "event": "start decision window"}, {"time": 21.21574991700004, "event": "response", "response": "j", "performance": "Correct"}, {"time": 21.216325645000097, "event": "done"}]
2024-08-26 15:57:54,173 [INFO]  MouseLink stop_recording
2024-08-26 15:57:54,177 [INFO]  gt.status is ok
2024-08-26 15:57:54,177 [DEBUG]  add bonus points -0.39884595700004866 (total = 0)
2024-08-26 15:57:54,178 [INFO]  current bonus: 0.0
2024-08-26 15:57:54,178 [INFO]  1/2
2024-08-26 15:57:54,178 [INFO]  begin trial {"cue_direction": "right", "stimulus": "B|B", "correct_response": "j", "left_cue_condition": 0.3, "stimA_condition": 0.9}
2024-08-26 15:57:54,178 [DEBUG]  Trial.log 21.222 initialize status = ok
2024-08-26 15:57:54,178 [DEBUG]  MouseLink message
2024-08-26 15:57:54,178 [DEBUG]  Trial.log 21.222 start recording 
2024-08-26 15:57:54,178 [DEBUG]  MouseLink message
2024-08-26 15:57:54,179 [INFO]  MouseLink start_recording
2024-08-26 15:57:54,179 [DEBUG]  Trial.log 21.222 start 
2024-08-26 15:57:54,179 [DEBUG]  MouseLink message
2024-08-26 15:57:54,181 [DEBUG]  Trial.log 21.225 show fixation 
2024-08-26 15:57:54,182 [INFO]  send trigger 0
2024-08-26 15:57:54,182 [DEBUG]  MouseLink message
2024-08-26 15:57:54,696 [DEBUG]  Trial.log 21.740 show cue 
2024-08-26 15:57:54,696 [INFO]  send trigger 1
2024-08-26 15:57:54,696 [DEBUG]  MouseLink message
2024-08-26 15:57:56,213 [DEBUG]  Trial.log 23.256 show fixation 
2024-08-26 15:57:56,213 [INFO]  send trigger 0
2024-08-26 15:57:56,213 [DEBUG]  MouseLink message
2024-08-26 15:57:56,729 [DEBUG]  Trial.log 23.772 start sound 
2024-08-26 15:57:56,729 [INFO]  send trigger 2
2024-08-26 15:57:56,729 [DEBUG]  MouseLink message
2024-08-26 15:57:57,229 [DEBUG]  Trial.log 24.273 start decision window 
2024-08-26 15:57:57,230 [DEBUG]  MouseLink message
2024-08-26 15:57:59,680 [DEBUG]  Trial.log 26.724 response response = j, performance = Correct
2024-08-26 15:57:59,680 [DEBUG]  MouseLink message
2024-08-26 15:57:59,680 [DEBUG]  Trial.log 26.724 done 
2024-08-26 15:57:59,680 [INFO]  send trigger 4
2024-08-26 15:57:59,681 [DEBUG]  MouseLink message
2024-08-26 15:57:59,681 [INFO]  end trial [{"time": 21.221669843000086, "event": "initialize", "status": "ok"}, {"time": 21.221826956000086, "event": "start recording"}, {"time": 21.222026962000086, "event": "start"}, {"time": 21.224802232000002, "event": "show fixation"}, {"time": 21.739506693000067, "event": "show cue"}, {"time": 23.25598289600009, "event": "show fixation"}, {"time": 23.772353277000093, "event": "start sound"}, {"time": 24.2728640900001, "event": "start decision window"}, {"time": 26.723527755000077, "event": "response", "response": "j", "performance": "Correct"}, {"time": 26.723790288000032, "event": "done"}]
2024-08-26 15:57:59,681 [INFO]  MouseLink stop_recording
2024-08-26 15:57:59,683 [INFO]  gt.status is ok
2024-08-26 15:57:59,683 [DEBUG]  add bonus points 0.04924149999999372 (total = 0)
2024-08-26 15:57:59,683 [INFO]  current bonus: 0.0
2024-08-26 15:57:59,683 [INFO]  2/2
2024-08-26 15:58:36,148 [ERROR]  Caught exception in stage main
Traceback (most recent call last):
  File "/Users/wangying/Desktop/PupilDilationPsychopy/PupilDilationExp/experiment.py", line 40, in wrapper
    f(self, *args, **kwargs)
  File "/Users/wangying/Desktop/PupilDilationPsychopy/PupilDilationExp/experiment.py", line 590, in main
    event.waitKeys(keyList=['space', 'c'])
  File "/Users/wangying/Desktop/PupilDilationPsychopy/myenv/lib/python3.9/site-packages/psychopy/event.py", line 529, in waitKeys
    keys = getKeys(keyList=keyList, modifiers=modifiers,
  File "/Users/wangying/Desktop/PupilDilationPsychopy/myenv/lib/python3.9/site-packages/psychopy/event.py", line 412, in getKeys
    win.dispatch_events()  # pump events on pyglet windows
  File "/Users/wangying/Desktop/PupilDilationPsychopy/myenv/lib/python3.9/site-packages/pyglet/window/cocoa/__init__.py", line 305, in dispatch_events
    pool = NSAutoreleasePool.new()
  File "/Users/wangying/Desktop/PupilDilationPsychopy/myenv/lib/python3.9/site-packages/pyglet/libs/darwin/cocoapy/runtime.py", line 805, in __call__
    return self.method(self.objc_id, *args)
  File "/Users/wangying/Desktop/PupilDilationPsychopy/myenv/lib/python3.9/site-packages/pyglet/libs/darwin/cocoapy/runtime.py", line 778, in __call__
    result = ObjCInstance(result)
  File "/Users/wangying/Desktop/PupilDilationPsychopy/myenv/lib/python3.9/site-packages/pyglet/libs/darwin/cocoapy/runtime.py", line 972, in __new__
    observer = send_message(send_message('DeallocationObserver', 'alloc'), 'initWithObject:', objc_instance)
  File "/Users/wangying/Desktop/PupilDilationPsychopy/myenv/lib/python3.9/site-packages/pyglet/libs/darwin/cocoapy/runtime.py", line 486, in send_message
    objc.objc_msgSend.argtypes = [c_void_p, c_void_p] + argtypes
KeyboardInterrupt
