2024-08-15 18:10:28,755 [INFO]  starting up 24-08-15-1810_setting0 at 10.452941194002051
2024-08-15 18:10:28,789 [INFO]  git SHA: 807713c358080d75c6666d5fc87f489cf27dea76
2024-08-15 18:10:28,790 [INFO]  setting file name: s0
2024-08-15 18:10:28,790 [INFO]  parameters {'points_per_cent': 2, 'time_limit': 5, 'correct_responses': ['f', 'j'], 'combination_num': 8}
2024-08-15 18:10:30,358 [INFO]  Created window with size [1300 1000]
2024-08-15 18:10:30,423 [INFO]  Using dummy triggers
2024-08-15 18:10:30,423 [INFO]  begin welcome
2024-08-15 18:10:30,424 [INFO]  send trigger 4
2024-08-15 18:10:30,424 [INFO]  start Welcome
2024-08-15 18:10:30,424 [DEBUG]  message: Welcome to the experiment! (None)
2024-08-15 18:10:31,340 [DEBUG]  message: During the test, you are going to receive a series of sound pairs coming from both the left and the right channels of your headset. (None)
2024-08-15 18:10:32,610 [DEBUG]  message: Sometimes, the sounds are different: (None)
2024-08-15 18:10:34,682 [DEBUG]  message: Other times, they are the same. (None)
2024-08-15 18:10:36,922 [DEBUG]  message: Before hearing each pair of sounds, you'll receive cues indicating the stimulus you should respond to. Each stimulus has a corresponding correct response. (None)
2024-08-15 18:10:38,494 [DEBUG]  message: By the end of the experiment, your bonus points would be calculated depending on the NUMBER of correct responses you made and how QUICK you made these responses. (None)
2024-08-15 18:10:39,293 [DEBUG]  message: Now Listen! (None)
2024-08-15 18:10:41,310 [DEBUG]  message: The correct response to this sound is 'f'. (Press 'f' to continue.)
2024-08-15 18:10:43,331 [DEBUG]  message: And (None)
2024-08-15 18:10:45,368 [DEBUG]  message: The correct response to this sound is 'j'. (Press 'j' to continue.)
2024-08-15 18:10:46,316 [INFO]  begin practice_intro
2024-08-15 18:10:46,316 [DEBUG]  message: Great! These are all the basic rules! Next, you'll be presented with a few practice trials to help you better remember the correct responses to each stimulus and the experiment format. (None)
2024-08-15 18:10:47,420 [INFO]  begin trial {"cue_direction": "left", "stimulus": "A|B", "correct_response": "f", "left_cue_condition": null, "stimA_condition": null}
2024-08-15 18:10:47,425 [DEBUG]  Trial.log 29.123 show fixation 
2024-08-15 18:10:47,425 [INFO]  send trigger 0
2024-08-15 18:10:47,425 [DEBUG]  MouseLink message
2024-08-15 18:10:48,449 [DEBUG]  message: None (None)
2024-08-15 18:10:49,627 [DEBUG]  Trial.log 31.324 show cue 
2024-08-15 18:10:49,627 [INFO]  send trigger 1
2024-08-15 18:10:49,628 [DEBUG]  MouseLink message
2024-08-15 18:10:50,637 [DEBUG]  message: None (None)
2024-08-15 18:10:52,886 [DEBUG]  Trial.log 34.584 start sound 
2024-08-15 18:10:52,886 [INFO]  send trigger 2
2024-08-15 18:10:52,887 [DEBUG]  MouseLink message
2024-08-15 18:10:53,387 [DEBUG]  message: None (None)
2024-08-15 18:10:53,400 [INFO]  start decision window
2024-08-15 18:10:56,956 [DEBUG]  Trial.log 38.654 response response = f, performance = Correct
2024-08-15 18:10:56,956 [DEBUG]  MouseLink message
2024-08-15 18:10:56,956 [INFO]  recieved correct response
2024-08-15 18:10:56,959 [DEBUG]  Trial.log 38.657 show feedback content = correct
2024-08-15 18:10:56,959 [INFO]  send trigger 3
2024-08-15 18:10:56,960 [DEBUG]  MouseLink message
2024-08-15 18:10:57,896 [DEBUG]  message: Now you know the rules. You'll be able to pass the training session if you get 0.85 of the 8 trials right. Ready? Let's begin! (None)
2024-08-15 18:11:00,933 [INFO]  begin practice
2024-08-15 18:11:00,933 [INFO]  start practice trials
2024-08-15 18:11:00,933 [DEBUG]  message: complete 8 practice rounds to continue (None)
2024-08-15 18:11:02,603 [INFO]  begin trial {"cue_direction": "left", "stimulus": "A|B", "correct_response": "f", "left_cue_condition": null, "stimA_condition": null}
2024-08-15 18:11:02,603 [DEBUG]  Trial.log 44.301 initialize status = ok
2024-08-15 18:11:02,603 [DEBUG]  MouseLink message
2024-08-15 18:11:02,603 [DEBUG]  Trial.log 44.301 start recording 
2024-08-15 18:11:02,603 [DEBUG]  MouseLink message
2024-08-15 18:11:02,604 [INFO]  MouseLink start_recording
2024-08-15 18:11:02,604 [DEBUG]  Trial.log 44.301 start 
2024-08-15 18:11:02,604 [DEBUG]  MouseLink message
2024-08-15 18:11:02,608 [DEBUG]  Trial.log 44.306 show fixation 
2024-08-15 18:11:02,609 [INFO]  send trigger 0
2024-08-15 18:11:02,609 [DEBUG]  MouseLink message
2024-08-15 18:11:03,144 [DEBUG]  Trial.log 44.842 show cue 
2024-08-15 18:11:03,144 [INFO]  send trigger 1
2024-08-15 18:11:03,144 [DEBUG]  MouseLink message
2024-08-15 18:11:04,653 [DEBUG]  Trial.log 46.350 show fixation 
2024-08-15 18:11:04,653 [INFO]  send trigger 0
2024-08-15 18:11:04,653 [DEBUG]  MouseLink message
2024-08-15 18:11:05,166 [DEBUG]  Trial.log 46.864 start sound 
2024-08-15 18:11:05,167 [INFO]  send trigger 2
2024-08-15 18:11:05,167 [DEBUG]  MouseLink message
2024-08-15 18:11:05,667 [DEBUG]  Trial.log 47.365 start decision window 
2024-08-15 18:11:05,667 [DEBUG]  MouseLink message
2024-08-15 18:11:07,009 [DEBUG]  Trial.log 48.707 response response = j, performance = Incorrect
2024-08-15 18:11:07,009 [DEBUG]  MouseLink message
2024-08-15 18:11:07,009 [DEBUG]  Trial.log 48.707 show feedback content = incorrect
2024-08-15 18:11:07,009 [INFO]  send trigger 3
2024-08-15 18:11:07,009 [DEBUG]  MouseLink message
2024-08-15 18:11:10,428 [DEBUG]  Trial.log 52.126 done 
2024-08-15 18:11:10,428 [INFO]  send trigger 4
2024-08-15 18:11:10,428 [DEBUG]  MouseLink message
2024-08-15 18:11:10,429 [INFO]  end trial [{"time": 44.30112869400182, "event": "initialize", "status": "ok"}, {"time": 44.301288016999024, "event": "start recording"}, {"time": 44.301469672995154, "event": "start"}, {"time": 44.30631517599977, "event": "show fixation"}, {"time": 44.84193460599636, "event": "show cue"}, {"time": 46.35039154300466, "event": "show fixation"}, {"time": 46.86431311699562, "event": "start sound"}, {"time": 47.36507802599226, "event": "start decision window"}, {"time": 48.70666271599475, "event": "response", "response": "j", "performance": "Incorrect"}, {"time": 48.70702591400186, "event": "show feedback", "content": "incorrect"}, {"time": 52.125738941002055, "event": "done"}]
2024-08-15 18:11:10,429 [INFO]  MouseLink stop_recording
2024-08-15 18:11:11,948 [DEBUG]  message: complete 7 practice rounds to continue (None)
2024-08-15 18:11:31,999 [ERROR]  Caught exception in stage practice
Traceback (most recent call last):
  File "/Users/wangying/Desktop/PupilDilationPsychopy/PupilDilationExp/experiment.py", line 40, in wrapper
    f(self, *args, **kwargs)
  File "/Users/wangying/Desktop/PupilDilationPsychopy/PupilDilationExp/experiment.py", line 394, in practice
    self.message(msg = f'complete {practice_blocklen - i} practice rounds to continue',
  File "/Users/wangying/Desktop/PupilDilationPsychopy/PupilDilationExp/experiment.py", line 265, in message
    event.waitKeys(keyList=['space', KEY_CONTINUE])
  File "/Users/wangying/Desktop/PupilDilationPsychopy/myenv/lib/python3.9/site-packages/psychopy/event.py", line 529, in waitKeys
    keys = getKeys(keyList=keyList, modifiers=modifiers,
  File "/Users/wangying/Desktop/PupilDilationPsychopy/myenv/lib/python3.9/site-packages/psychopy/event.py", line 412, in getKeys
    win.dispatch_events()  # pump events on pyglet windows
  File "/Users/wangying/Desktop/PupilDilationPsychopy/myenv/lib/python3.9/site-packages/pyglet/window/cocoa/__init__.py", line 305, in dispatch_events
    pool = NSAutoreleasePool.new()
  File "/Users/wangying/Desktop/PupilDilationPsychopy/myenv/lib/python3.9/site-packages/pyglet/libs/darwin/cocoapy/runtime.py", line 805, in __call__
    return self.method(self.objc_id, *args)
  File "/Users/wangying/Desktop/PupilDilationPsychopy/myenv/lib/python3.9/site-packages/pyglet/libs/darwin/cocoapy/runtime.py", line 778, in __call__
    result = ObjCInstance(result)
  File "/Users/wangying/Desktop/PupilDilationPsychopy/myenv/lib/python3.9/site-packages/pyglet/libs/darwin/cocoapy/runtime.py", line 972, in __new__
    observer = send_message(send_message('DeallocationObserver', 'alloc'), 'initWithObject:', objc_instance)
  File "/Users/wangying/Desktop/PupilDilationPsychopy/myenv/lib/python3.9/site-packages/pyglet/libs/darwin/cocoapy/runtime.py", line 488, in send_message
    if restype == c_void_p:
KeyboardInterrupt
