2024-09-29 17:12:00,273 [INFO]  starting up 24-09-29-1712_setting0 at 1.9182534999999916
2024-09-29 17:12:00,303 [INFO]  git SHA: cd5fa54154593ef9c41ab71101e5be212113e163
2024-09-29 17:12:00,303 [INFO]  setting file name: s0
2024-09-29 17:12:00,304 [INFO]  parameters {'points_per_cent': 2, 'time_limit': 5, 'correct_responses': ['f', 'j'], 'combination_num': 8}
2024-09-29 17:12:01,456 [INFO]  Created window with size [3840 2160]
2024-09-29 17:12:01,597 [INFO]  Using dummy triggers
2024-09-29 17:12:01,597 [INFO]  begin setup_eyetracker
2024-09-29 17:12:01,598 [DEBUG]  message: Now we're going to calibrate the eyetracker. Please look at the circles while they appear. (Please tell the experimenter)
2024-09-29 17:12:22,453 [INFO]  starting up 24-09-29-1712_setting0 at 1.8724374583325698
2024-09-29 17:12:22,476 [INFO]  git SHA: cd5fa54154593ef9c41ab71101e5be212113e163
2024-09-29 17:12:22,477 [INFO]  setting file name: s0
2024-09-29 17:12:22,477 [INFO]  parameters {'points_per_cent': 2, 'time_limit': 5, 'correct_responses': ['f', 'j'], 'combination_num': 8}
2024-09-29 17:12:23,656 [INFO]  Created window with size [3840 2160]
2024-09-29 17:12:23,794 [INFO]  Using dummy triggers
2024-09-29 17:12:23,794 [INFO]  begin main
2024-09-29 17:12:23,794 [DEBUG]  message: Ready? Let go! (None)
2024-09-29 17:12:24,338 [INFO]  Starting block 0: {'left_cue_condition': 0.3, 'stimA_condition': 0.5}
2024-09-29 17:12:24,338 [INFO]  block 0 label:('<<<>>>>>>>', 'oooooxxxxx')
2024-09-29 17:12:24,338 [DEBUG]  message: Block 1: 
cue proportion <<<>>>>>>> 
stimulus proportion oooooxxxxx (None)
2024-09-29 17:12:24,807 [INFO]  begin trial {"cue_direction": "left", "stimulus": "B|B", "correct_response": "j", "left_cue_condition": 0.3, "stimA_condition": 0.5, "response": null, "performance": null, "rt": null}
2024-09-29 17:12:24,807 [DEBUG]  Trial.log 4.227 initialize status = ok
2024-09-29 17:12:24,808 [DEBUG]  MouseLink message
2024-09-29 17:12:24,808 [DEBUG]  Trial.log 4.227 start recording 
2024-09-29 17:12:24,808 [DEBUG]  MouseLink message
2024-09-29 17:12:24,808 [INFO]  MouseLink start_recording
2024-09-29 17:12:24,808 [DEBUG]  Trial.log 4.227 start 
2024-09-29 17:12:24,808 [DEBUG]  MouseLink message
2024-09-29 17:12:24,809 [DEBUG]  Trial.log 4.229 show fixation 
2024-09-29 17:12:24,809 [INFO]  send trigger 0
2024-09-29 17:12:24,810 [DEBUG]  MouseLink message
2024-09-29 17:12:25,315 [DEBUG]  Trial.log 4.734 show cue 
2024-09-29 17:12:25,315 [INFO]  send trigger 1
2024-09-29 17:12:25,315 [DEBUG]  MouseLink message
2024-09-29 17:12:26,822 [DEBUG]  Trial.log 6.241 show fixation 
2024-09-29 17:12:26,822 [INFO]  send trigger 0
2024-09-29 17:12:26,822 [DEBUG]  MouseLink message
2024-09-29 17:12:27,335 [DEBUG]  Trial.log 6.755 start sound 
2024-09-29 17:12:27,335 [INFO]  send trigger 2
2024-09-29 17:12:27,335 [DEBUG]  MouseLink message
2024-09-29 17:12:27,835 [DEBUG]  Trial.log 7.255 start decision window 
2024-09-29 17:12:27,835 [DEBUG]  MouseLink message
2024-09-29 17:12:28,545 [DEBUG]  Trial.log 7.965 response 
2024-09-29 17:12:28,545 [DEBUG]  MouseLink message
2024-09-29 17:12:30,470 [DEBUG]  Trial.log 9.889 done 
2024-09-29 17:12:30,470 [INFO]  send trigger 4
2024-09-29 17:12:30,470 [DEBUG]  MouseLink message
2024-09-29 17:12:30,470 [INFO]  end trial [{"time": 4.227049666667881, "event": "initialize", "status": "ok"}, {"time": 4.227140249997319, "event": "start recording"}, {"time": 4.227212791665806, "event": "start"}, {"time": 4.2289862083343905, "event": "show fixation"}, {"time": 4.734403583330277, "event": "show cue"}, {"time": 6.2413533333310625, "event": "show fixation"}, {"time": 6.754717333329609, "event": "start sound"}, {"time": 7.254887208335276, "event": "start decision window"}, {"time": 7.9648702916674665, "event": "response"}, {"time": 9.889225999999326, "event": "done"}]
2024-09-29 17:12:30,470 [INFO]  MouseLink stop_recording
2024-09-29 17:12:30,476 [INFO]  trial.status is ok
2024-09-29 17:12:30,476 [DEBUG]  add bonus points 0.0 (total = 0.0)
2024-09-29 17:12:30,476 [INFO]  current bonus: 0.0
2024-09-29 17:12:30,476 [INFO]  1/3
2024-09-29 17:12:30,476 [INFO]  begin trial {"cue_direction": "right", "stimulus": "B|B", "correct_response": "j", "left_cue_condition": 0.3, "stimA_condition": 0.5, "response": null, "performance": null, "rt": null}
2024-09-29 17:12:30,476 [DEBUG]  Trial.log 9.896 initialize status = ok
2024-09-29 17:12:30,476 [DEBUG]  MouseLink message
2024-09-29 17:12:30,476 [DEBUG]  Trial.log 9.896 start recording 
2024-09-29 17:12:30,476 [DEBUG]  MouseLink message
2024-09-29 17:12:30,476 [INFO]  MouseLink start_recording
2024-09-29 17:12:30,476 [DEBUG]  Trial.log 9.896 start 
2024-09-29 17:12:30,476 [DEBUG]  MouseLink message
2024-09-29 17:12:30,477 [DEBUG]  Trial.log 9.897 show fixation 
2024-09-29 17:12:30,477 [INFO]  send trigger 0
2024-09-29 17:12:30,477 [DEBUG]  MouseLink message
2024-09-29 17:12:30,991 [DEBUG]  Trial.log 10.411 show cue 
2024-09-29 17:12:30,991 [INFO]  send trigger 1
2024-09-29 17:12:30,991 [DEBUG]  MouseLink message
2024-09-29 17:12:32,497 [DEBUG]  Trial.log 11.916 show fixation 
2024-09-29 17:12:32,497 [INFO]  send trigger 0
2024-09-29 17:12:32,497 [DEBUG]  MouseLink message
2024-09-29 17:12:33,004 [DEBUG]  Trial.log 12.424 start sound 
2024-09-29 17:12:33,004 [INFO]  send trigger 2
2024-09-29 17:12:33,004 [DEBUG]  MouseLink message
2024-09-29 17:12:33,505 [DEBUG]  Trial.log 12.924 start decision window 
2024-09-29 17:12:33,505 [DEBUG]  MouseLink message
2024-09-29 17:12:33,937 [DEBUG]  Trial.log 13.357 response 
2024-09-29 17:12:33,937 [DEBUG]  MouseLink message
2024-09-29 17:12:36,423 [DEBUG]  Trial.log 15.843 done 
2024-09-29 17:12:36,424 [INFO]  send trigger 4
2024-09-29 17:12:36,424 [DEBUG]  MouseLink message
2024-09-29 17:12:36,424 [INFO]  end trial [{"time": 9.895524291670881, "event": "initialize", "status": "ok"}, {"time": 9.895569208332745, "event": "start recording"}, {"time": 9.895632291671063, "event": "start"}, {"time": 9.89659962499718, "event": "show fixation"}, {"time": 10.410696708335308, "event": "show cue"}, {"time": 11.916490458330372, "event": "show fixation"}, {"time": 12.423921833331406, "event": "start sound"}, {"time": 12.92405445832992, "event": "start decision window"}, {"time": 13.356774374995439, "event": "response"}, {"time": 15.8429489166665, "event": "done"}]
2024-09-29 17:12:36,424 [INFO]  MouseLink stop_recording
2024-09-29 17:12:36,426 [INFO]  trial.status is ok
2024-09-29 17:12:36,426 [DEBUG]  add bonus points 0.5811006249932689 (total = 0.29)
2024-09-29 17:12:36,426 [INFO]  current bonus: 0.29
2024-09-29 17:12:36,426 [INFO]  2/3
2024-09-29 17:12:36,426 [INFO]  begin trial {"cue_direction": "left", "stimulus": "B|A", "correct_response": "j", "left_cue_condition": 0.3, "stimA_condition": 0.5, "response": null, "performance": null, "rt": null}
2024-09-29 17:12:36,426 [DEBUG]  Trial.log 15.846 initialize status = ok
2024-09-29 17:12:36,426 [DEBUG]  MouseLink message
2024-09-29 17:12:36,427 [DEBUG]  Trial.log 15.846 start recording 
2024-09-29 17:12:36,427 [DEBUG]  MouseLink message
2024-09-29 17:12:36,427 [INFO]  MouseLink start_recording
2024-09-29 17:12:36,427 [DEBUG]  Trial.log 15.846 start 
2024-09-29 17:12:36,427 [DEBUG]  MouseLink message
2024-09-29 17:12:36,428 [DEBUG]  Trial.log 15.847 show fixation 
2024-09-29 17:12:36,428 [INFO]  send trigger 0
2024-09-29 17:12:36,428 [DEBUG]  MouseLink message
2024-09-29 17:12:36,933 [DEBUG]  Trial.log 16.352 show cue 
2024-09-29 17:12:36,933 [INFO]  send trigger 1
2024-09-29 17:12:36,933 [DEBUG]  MouseLink message
2024-09-29 17:12:38,438 [DEBUG]  Trial.log 17.858 show fixation 
2024-09-29 17:12:38,439 [INFO]  send trigger 0
2024-09-29 17:12:38,439 [DEBUG]  MouseLink message
2024-09-29 17:12:38,948 [DEBUG]  Trial.log 18.368 start sound 
2024-09-29 17:12:38,948 [INFO]  send trigger 2
2024-09-29 17:12:38,948 [DEBUG]  MouseLink message
2024-09-29 17:12:39,448 [DEBUG]  Trial.log 18.868 start decision window 
2024-09-29 17:12:39,448 [DEBUG]  MouseLink message
2024-09-29 17:12:40,689 [DEBUG]  Trial.log 20.109 response 
2024-09-29 17:12:40,689 [DEBUG]  MouseLink message
2024-09-29 17:12:43,068 [DEBUG]  Trial.log 22.487 done 
2024-09-29 17:12:43,068 [INFO]  send trigger 4
2024-09-29 17:12:43,068 [DEBUG]  MouseLink message
2024-09-29 17:12:43,068 [INFO]  end trial [{"time": 15.845968749999884, "event": "initialize", "status": "ok"}, {"time": 15.846026041668665, "event": "start recording"}, {"time": 15.846087958329008, "event": "start"}, {"time": 15.847074833334773, "event": "show fixation"}, {"time": 16.352367958330433, "event": "show cue"}, {"time": 17.857970708333596, "event": "show fixation"}, {"time": 18.367750499994145, "event": "start sound"}, {"time": 18.867926374994568, "event": "start decision window"}, {"time": 20.108918666664977, "event": "response"}, {"time": 22.48715687499498, "event": "done"}]
2024-09-29 17:12:43,068 [INFO]  MouseLink stop_recording
2024-09-29 17:12:43,070 [INFO]  trial.status is ok
2024-09-29 17:12:43,070 [DEBUG]  add bonus points -0.0 (total = 0.29)
2024-09-29 17:12:43,070 [INFO]  current bonus: 0.29
2024-09-29 17:12:43,070 [INFO]  3/3
